{"/home/travis/build/npmtest/node-npmtest-npmd/test.js":{"path":"/home/travis/build/npmtest/node-npmtest-npmd/test.js","s":{"1":2,"2":2,"3":2,"4":2,"5":2,"6":2,"7":2,"8":1,"9":2,"10":2,"11":1,"12":1,"13":1,"14":1,"15":2,"16":2,"17":2,"18":2,"19":1,"20":1,"21":2,"22":2,"23":2,"24":1,"25":1,"26":1,"27":1,"28":1,"29":1,"30":1,"31":1,"32":1,"33":1,"34":1,"35":1,"36":1,"37":1,"38":1,"39":2,"40":2,"41":1,"42":2,"43":2,"44":1,"45":2,"46":2,"47":1,"48":2,"49":2,"50":1,"51":1,"52":1,"53":1,"54":1},"b":{"1":[2,1,1,1],"2":[1,1,1,1],"3":[1,1],"4":[1,1],"5":[1,1],"6":[1,1],"7":[1,1],"8":[1,1],"9":[1,1],"10":[1,1,1],"11":[1,1],"12":[1,1],"13":[1,1],"14":[1,1],"15":[1,1],"16":[1,1],"17":[1,1]},"f":{"1":2,"2":2,"3":2,"4":2,"5":2,"6":1,"7":1,"8":1,"9":2,"10":2,"11":2,"12":2,"13":1},"fnMap":{"1":{"name":"(anonymous_1)","line":12,"loc":{"start":{"line":12,"column":1},"end":{"line":12,"column":13}}},"2":{"name":"(anonymous_2)","line":19,"loc":{"start":{"line":19,"column":5},"end":{"line":19,"column":17}}},"3":{"name":"(anonymous_3)","line":23,"loc":{"start":{"line":23,"column":24},"end":{"line":23,"column":36}}},"4":{"name":"(anonymous_4)","line":61,"loc":{"start":{"line":61,"column":5},"end":{"line":61,"column":17}}},"5":{"name":"(anonymous_5)","line":82,"loc":{"start":{"line":82,"column":5},"end":{"line":82,"column":17}}},"6":{"name":"(anonymous_6)","line":91,"loc":{"start":{"line":91,"column":77},"end":{"line":94,"column":10}}},"7":{"name":"(anonymous_7)","line":112,"loc":{"start":{"line":112,"column":83},"end":{"line":115,"column":10}},"skip":true},"8":{"name":"(anonymous_8)","line":123,"loc":{"start":{"line":123,"column":77},"end":{"line":126,"column":10}},"skip":true},"9":{"name":"(anonymous_9)","line":139,"loc":{"start":{"line":139,"column":12},"end":{"line":139,"column":40}},"skip":true},"10":{"name":"(anonymous_10)","line":147,"loc":{"start":{"line":147,"column":77},"end":{"line":150,"column":10}},"skip":true},"11":{"name":"(anonymous_11)","line":158,"loc":{"start":{"line":158,"column":83},"end":{"line":161,"column":10}},"skip":true},"12":{"name":"(anonymous_12)","line":169,"loc":{"start":{"line":169,"column":79},"end":{"line":172,"column":10}},"skip":true},"13":{"name":"(anonymous_13)","line":180,"loc":{"start":{"line":180,"column":75},"end":{"line":183,"column":10}},"skip":true}},"statementMap":{"1":{"start":{"line":12,"column":0},"end":{"line":195,"column":5}},"2":{"start":{"line":14,"column":4},"end":{"line":14,"column":14}},"3":{"start":{"line":19,"column":4},"end":{"line":56,"column":9}},"4":{"start":{"line":21,"column":8},"end":{"line":21,"column":19}},"5":{"start":{"line":23,"column":8},"end":{"line":35,"column":13}},"6":{"start":{"line":24,"column":12},"end":{"line":34,"column":13}},"7":{"start":{"line":25,"column":16},"end":{"line":28,"column":30}},"8":{"start":{"line":30,"column":16},"end":{"line":33,"column":27}},"9":{"start":{"line":37,"column":8},"end":{"line":39,"column":21}},"10":{"start":{"line":40,"column":8},"end":{"line":53,"column":9}},"11":{"start":{"line":43,"column":12},"end":{"line":46,"column":14}},"12":{"start":{"line":47,"column":12},"end":{"line":47,"column":18}},"13":{"start":{"line":50,"column":12},"end":{"line":51,"column":33}},"14":{"start":{"line":52,"column":12},"end":{"line":52,"column":18}},"15":{"start":{"line":55,"column":8},"end":{"line":55,"column":35}},"16":{"start":{"line":61,"column":4},"end":{"line":63,"column":9}},"17":{"start":{"line":62,"column":8},"end":{"line":62,"column":15}},"18":{"start":{"line":64,"column":4},"end":{"line":77,"column":5}},"19":{"start":{"line":70,"column":8},"end":{"line":70,"column":14}},"20":{"start":{"line":76,"column":8},"end":{"line":76,"column":14}},"21":{"start":{"line":82,"column":4},"end":{"line":84,"column":9}},"22":{"start":{"line":83,"column":8},"end":{"line":83,"column":15}},"23":{"start":{"line":85,"column":4},"end":{"line":194,"column":5}},"24":{"start":{"line":91,"column":8},"end":{"line":99,"column":10}},"25":{"start":{"line":98,"column":12},"end":{"line":98,"column":35}},"26":{"start":{"line":102,"column":8},"end":{"line":104,"column":63}},"27":{"start":{"line":105,"column":8},"end":{"line":105,"column":14}},"28":{"start":{"line":112,"column":8},"end":{"line":121,"column":10},"skip":true},"29":{"start":{"line":119,"column":12},"end":{"line":119,"column":55},"skip":true},"30":{"start":{"line":120,"column":12},"end":{"line":120,"column":48},"skip":true},"31":{"start":{"line":123,"column":8},"end":{"line":136,"column":10},"skip":true},"32":{"start":{"line":130,"column":12},"end":{"line":130,"column":76},"skip":true},"33":{"start":{"line":131,"column":12},"end":{"line":131,"column":73},"skip":true},"34":{"start":{"line":132,"column":12},"end":{"line":132,"column":74},"skip":true},"35":{"start":{"line":133,"column":12},"end":{"line":133,"column":79},"skip":true},"36":{"start":{"line":134,"column":12},"end":{"line":134,"column":25},"skip":true},"37":{"start":{"line":135,"column":12},"end":{"line":135,"column":45},"skip":true},"38":{"start":{"line":138,"column":8},"end":{"line":145,"column":14},"skip":true},"39":{"start":{"line":143,"column":16},"end":{"line":143,"column":29},"skip":true},"40":{"start":{"line":144,"column":16},"end":{"line":144,"column":55},"skip":true},"41":{"start":{"line":147,"column":8},"end":{"line":156,"column":10},"skip":true},"42":{"start":{"line":154,"column":12},"end":{"line":154,"column":25},"skip":true},"43":{"start":{"line":155,"column":12},"end":{"line":155,"column":45},"skip":true},"44":{"start":{"line":158,"column":8},"end":{"line":167,"column":10},"skip":true},"45":{"start":{"line":165,"column":12},"end":{"line":165,"column":25},"skip":true},"46":{"start":{"line":166,"column":12},"end":{"line":166,"column":48},"skip":true},"47":{"start":{"line":169,"column":8},"end":{"line":178,"column":10},"skip":true},"48":{"start":{"line":176,"column":12},"end":{"line":176,"column":25},"skip":true},"49":{"start":{"line":177,"column":12},"end":{"line":177,"column":46},"skip":true},"50":{"start":{"line":180,"column":8},"end":{"line":189,"column":10},"skip":true},"51":{"start":{"line":187,"column":12},"end":{"line":187,"column":94},"skip":true},"52":{"start":{"line":188,"column":12},"end":{"line":188,"column":48},"skip":true},"53":{"start":{"line":192,"column":8},"end":{"line":192,"column":35},"skip":true},"54":{"start":{"line":193,"column":8},"end":{"line":193,"column":14},"skip":true}},"branchMap":{"1":{"line":25,"type":"binary-expr","locations":[{"start":{"line":25,"column":23},"end":{"line":25,"column":62}},{"start":{"line":26,"column":20},"end":{"line":26,"column":70}},{"start":{"line":27,"column":20},"end":{"line":27,"column":71}},{"start":{"line":28,"column":20},"end":{"line":28,"column":29}}]},"2":{"line":30,"type":"binary-expr","locations":[{"start":{"line":30,"column":23},"end":{"line":30,"column":37}},{"start":{"line":31,"column":20},"end":{"line":31,"column":61}},{"start":{"line":32,"column":20},"end":{"line":32,"column":70}},{"start":{"line":33,"column":20},"end":{"line":33,"column":26}}]},"3":{"line":37,"type":"cond-expr","locations":[{"start":{"line":38,"column":14},"end":{"line":38,"column":20}},{"start":{"line":39,"column":14},"end":{"line":39,"column":20}}]},"4":{"line":40,"type":"switch","locations":[{"start":{"line":42,"column":8},"end":{"line":47,"column":18}},{"start":{"line":49,"column":8},"end":{"line":52,"column":18}}]},"5":{"line":44,"type":"binary-expr","locations":[{"start":{"line":44,"column":16},"end":{"line":44,"column":44}},{"start":{"line":44,"column":48},"end":{"line":44,"column":66}}]},"6":{"line":50,"type":"binary-expr","locations":[{"start":{"line":50,"column":21},"end":{"line":50,"column":49}},{"start":{"line":50,"column":53},"end":{"line":50,"column":72}}]},"7":{"line":64,"type":"switch","locations":[{"start":{"line":69,"column":4},"end":{"line":70,"column":14}},{"start":{"line":75,"column":4},"end":{"line":76,"column":14}}]},"8":{"line":85,"type":"switch","locations":[{"start":{"line":90,"column":4},"end":{"line":105,"column":14}},{"start":{"line":111,"column":4},"end":{"line":193,"column":14},"skip":true}]},"9":{"line":91,"type":"binary-expr","locations":[{"start":{"line":91,"column":42},"end":{"line":91,"column":73}},{"start":{"line":91,"column":77},"end":{"line":99,"column":9}}]},"10":{"line":102,"type":"binary-expr","locations":[{"start":{"line":102,"column":18},"end":{"line":102,"column":32}},{"start":{"line":103,"column":12},"end":{"line":103,"column":53}},{"start":{"line":104,"column":12},"end":{"line":104,"column":61}}]},"11":{"line":112,"type":"binary-expr","locations":[{"start":{"line":112,"column":45},"end":{"line":112,"column":79},"skip":true},{"start":{"line":112,"column":83},"end":{"line":121,"column":9},"skip":true}]},"12":{"line":123,"type":"binary-expr","locations":[{"start":{"line":123,"column":42},"end":{"line":123,"column":73},"skip":true},{"start":{"line":123,"column":77},"end":{"line":136,"column":9},"skip":true}]},"13":{"line":138,"type":"binary-expr","locations":[{"start":{"line":138,"column":48},"end":{"line":138,"column":85},"skip":true},{"start":{"line":139,"column":12},"end":{"line":145,"column":13},"skip":true}]},"14":{"line":147,"type":"binary-expr","locations":[{"start":{"line":147,"column":42},"end":{"line":147,"column":73},"skip":true},{"start":{"line":147,"column":77},"end":{"line":156,"column":9},"skip":true}]},"15":{"line":158,"type":"binary-expr","locations":[{"start":{"line":158,"column":45},"end":{"line":158,"column":79},"skip":true},{"start":{"line":158,"column":83},"end":{"line":167,"column":9},"skip":true}]},"16":{"line":169,"type":"binary-expr","locations":[{"start":{"line":169,"column":43},"end":{"line":169,"column":75},"skip":true},{"start":{"line":169,"column":79},"end":{"line":178,"column":9},"skip":true}]},"17":{"line":180,"type":"binary-expr","locations":[{"start":{"line":180,"column":41},"end":{"line":180,"column":71},"skip":true},{"start":{"line":180,"column":75},"end":{"line":189,"column":9},"skip":true}]}},"code":["/* istanbul instrument in package npmtest_npmd */","/*jslint","    bitwise: true,","    browser: true,","    maxerr: 8,","    maxlen: 96,","    node: true,","    nomen: true,","    regexp: true,","    stupid: true","*/","(function () {","    'use strict';","    var local;","","","","    // run shared js-env code - pre-init","    (function () {","        // init local","        local = {};","        // init modeJs","        local.modeJs = (function () {","            try {","                return typeof navigator.userAgent === 'string' &&","                    typeof document.querySelector('body') === 'object' &&","                    typeof XMLHttpRequest.prototype.open === 'function' &&","                    'browser';","            } catch (errorCaughtBrowser) {","                return module.exports &&","                    typeof process.versions.node === 'string' &&","                    typeof require('http').createServer === 'function' &&","                    'node';","            }","        }());","        // init global","        local.global = local.modeJs === 'browser'","            ? window","            : global;","        switch (local.modeJs) {","        // re-init local from window.local","        case 'browser':","            local = local.global.utility2.objectSetDefault(","                local.global.utility2_rollup || local.global.local,","                local.global.utility2","            );","            break;","        // re-init local from example.js","        case 'node':","            local = (local.global.utility2_rollup || require('utility2'))","                .requireReadme();","            break;","        }","        // export local","        local.global.local = local;","    }());","","","","    // run shared js-env code - function","    (function () {","        return;","    }());","    switch (local.modeJs) {","","","","    // run browser js-env code - function","    case 'browser':","        break;","","","","    // run node js-env code - function","    case 'node':","        break;","    }","","","","    // run shared js-env code - post-init","    (function () {","        return;","    }());","    switch (local.modeJs) {","","","","    // run browser js-env code - post-init","    case 'browser':","        local.testCase_browser_nullCase = local.testCase_browser_nullCase || function (","            options,","            onError","        ) {","        /*","         * this function will test browsers's null-case handling-behavior-behavior","         */","            onError(null, options);","        };","","        // run tests","        local.nop(local.modeTest &&","            document.querySelector('#testRunButton1') &&","            document.querySelector('#testRunButton1').click());","        break;","","","","    // run node js-env code - post-init","    /* istanbul ignore next */","    case 'node':","        local.testCase_buildApidoc_default = local.testCase_buildApidoc_default || function (","            options,","            onError","        ) {","        /*","         * this function will test buildApidoc's default handling-behavior-behavior","         */","            options = { modulePathList: module.paths };","            local.buildApidoc(options, onError);","        };","","        local.testCase_buildApp_default = local.testCase_buildApp_default || function (","            options,","            onError","        ) {","        /*","         * this function will test buildApp's default handling-behavior-behavior","         */","            local.testCase_buildReadme_default(options, local.onErrorThrow);","            local.testCase_buildLib_default(options, local.onErrorThrow);","            local.testCase_buildTest_default(options, local.onErrorThrow);","            local.testCase_buildCustomOrg_default(options, local.onErrorThrow);","            options = [];","            local.buildApp(options, onError);","        };","","        local.testCase_buildCustomOrg_default = local.testCase_buildCustomOrg_default ||","            function (options, onError) {","            /*","             * this function will test buildCustomOrg's default handling-behavior","             */","                options = {};","                local.buildCustomOrg(options, onError);","            };","","        local.testCase_buildLib_default = local.testCase_buildLib_default || function (","            options,","            onError","        ) {","        /*","         * this function will test buildLib's default handling-behavior","         */","            options = {};","            local.buildLib(options, onError);","        };","","        local.testCase_buildReadme_default = local.testCase_buildReadme_default || function (","            options,","            onError","        ) {","        /*","         * this function will test buildReadme's default handling-behavior-behavior","         */","            options = {};","            local.buildReadme(options, onError);","        };","","        local.testCase_buildTest_default = local.testCase_buildTest_default || function (","            options,","            onError","        ) {","        /*","         * this function will test buildTest's default handling-behavior","         */","            options = {};","            local.buildTest(options, onError);","        };","","        local.testCase_webpage_default = local.testCase_webpage_default || function (","            options,","            onError","        ) {","        /*","         * this function will test webpage's default handling-behavior","         */","            options = { modeCoverageMerge: true, url: local.serverLocalHost + '?modeTest=1' };","            local.browserTest(options, onError);","        };","","        // run test-server","        local.testRunServer(local);","        break;","    }","}());",""],"l":{"12":2,"14":2,"19":2,"21":2,"23":2,"24":2,"25":2,"30":1,"37":2,"40":2,"43":1,"47":1,"50":1,"52":1,"55":2,"61":2,"62":2,"64":2,"70":1,"76":1,"82":2,"83":2,"85":2,"91":1,"98":1,"102":1,"105":1,"112":1,"119":1,"120":1,"123":1,"130":1,"131":1,"132":1,"133":1,"134":1,"135":1,"138":1,"143":2,"144":2,"147":1,"154":2,"155":2,"158":1,"165":2,"166":2,"169":1,"176":2,"177":2,"180":1,"187":1,"188":1,"192":1,"193":1}},"/home/travis/build/npmtest/node-npmtest-npmd/lib.npmtest_npmd.js":{"path":"/home/travis/build/npmtest/node-npmtest-npmd/lib.npmtest_npmd.js","s":{"1":2,"2":2,"3":2,"4":2,"5":2,"6":2,"7":2,"8":1,"9":2,"10":2,"11":2,"12":2,"13":1,"14":1,"15":1,"16":1},"b":{"1":[2,1,1,1],"2":[1,1,1,1],"3":[1,1],"4":[2,2],"5":[1,1]},"f":{"1":2,"2":2,"3":2},"fnMap":{"1":{"name":"(anonymous_1)","line":12,"loc":{"start":{"line":12,"column":1},"end":{"line":12,"column":13}}},"2":{"name":"(anonymous_2)","line":19,"loc":{"start":{"line":19,"column":5},"end":{"line":19,"column":17}}},"3":{"name":"(anonymous_3)","line":23,"loc":{"start":{"line":23,"column":24},"end":{"line":23,"column":36}}}},"statementMap":{"1":{"start":{"line":12,"column":0},"end":{"line":53,"column":5}},"2":{"start":{"line":14,"column":4},"end":{"line":14,"column":14}},"3":{"start":{"line":19,"column":4},"end":{"line":52,"column":9}},"4":{"start":{"line":21,"column":8},"end":{"line":21,"column":19}},"5":{"start":{"line":23,"column":8},"end":{"line":35,"column":13}},"6":{"start":{"line":24,"column":12},"end":{"line":34,"column":13}},"7":{"start":{"line":25,"column":16},"end":{"line":28,"column":30}},"8":{"start":{"line":30,"column":16},"end":{"line":33,"column":27}},"9":{"start":{"line":37,"column":8},"end":{"line":39,"column":21}},"10":{"start":{"line":41,"column":8},"end":{"line":41,"column":54}},"11":{"start":{"line":43,"column":8},"end":{"line":43,"column":49}},"12":{"start":{"line":45,"column":8},"end":{"line":51,"column":9}},"13":{"start":{"line":46,"column":12},"end":{"line":46,"column":55}},"14":{"start":{"line":48,"column":12},"end":{"line":48,"column":35}},"15":{"start":{"line":49,"column":12},"end":{"line":49,"column":49}},"16":{"start":{"line":50,"column":12},"end":{"line":50,"column":43}}},"branchMap":{"1":{"line":25,"type":"binary-expr","locations":[{"start":{"line":25,"column":23},"end":{"line":25,"column":62}},{"start":{"line":26,"column":20},"end":{"line":26,"column":70}},{"start":{"line":27,"column":20},"end":{"line":27,"column":71}},{"start":{"line":28,"column":20},"end":{"line":28,"column":29}}]},"2":{"line":30,"type":"binary-expr","locations":[{"start":{"line":30,"column":23},"end":{"line":30,"column":37}},{"start":{"line":31,"column":20},"end":{"line":31,"column":61}},{"start":{"line":32,"column":20},"end":{"line":32,"column":70}},{"start":{"line":33,"column":20},"end":{"line":33,"column":26}}]},"3":{"line":37,"type":"cond-expr","locations":[{"start":{"line":38,"column":14},"end":{"line":38,"column":20}},{"start":{"line":39,"column":14},"end":{"line":39,"column":20}}]},"4":{"line":41,"type":"binary-expr","locations":[{"start":{"line":41,"column":16},"end":{"line":41,"column":44}},{"start":{"line":41,"column":48},"end":{"line":41,"column":53}}]},"5":{"line":45,"type":"if","locations":[{"start":{"line":45,"column":8},"end":{"line":45,"column":8}},{"start":{"line":45,"column":8},"end":{"line":45,"column":8}}]}},"code":["/* istanbul instrument in package npmtest_npmd */","/*jslint","    bitwise: true,","    browser: true,","    maxerr: 8,","    maxlen: 96,","    node: true,","    nomen: true,","    regexp: true,","    stupid: true","*/","(function () {","    'use strict';","    var local;","","","","    // run shared js-env code - pre-init","    (function () {","        // init local","        local = {};","        // init modeJs","        local.modeJs = (function () {","            try {","                return typeof navigator.userAgent === 'string' &&","                    typeof document.querySelector('body') === 'object' &&","                    typeof XMLHttpRequest.prototype.open === 'function' &&","                    'browser';","            } catch (errorCaughtBrowser) {","                return module.exports &&","                    typeof process.versions.node === 'string' &&","                    typeof require('http').createServer === 'function' &&","                    'node';","            }","        }());","        // init global","        local.global = local.modeJs === 'browser'","            ? window","            : global;","        // init utility2_rollup","        local = local.global.utility2_rollup || local;","        // init lib","        local.local = local.npmtest_npmd = local;","        // init exports","        if (local.modeJs === 'browser') {","            local.global.utility2_npmtest_npmd = local;","        } else {","            module.exports = local;","            module.exports.__dirname = __dirname;","            module.exports.module = module;","        }","    }());","}());",""],"l":{"12":2,"14":2,"19":2,"21":2,"23":2,"24":2,"25":2,"30":1,"37":2,"41":2,"43":2,"45":2,"46":1,"48":1,"49":1,"50":1}},"/home/travis/build/npmtest/node-npmtest-npmd/example.js":{"path":"/home/travis/build/npmtest/node-npmtest-npmd/example.js","s":{"1":2,"2":2,"3":2,"4":2,"5":2,"6":2,"7":2,"8":1,"9":2,"10":2,"11":2,"12":2,"13":1,"14":2,"15":2,"16":2,"17":2,"18":2,"19":0,"20":2,"21":1,"22":1,"23":1,"24":1,"25":1,"26":0,"27":0,"28":1,"29":1,"30":2,"31":0,"32":0,"33":0,"34":1,"35":2,"36":2,"37":3,"38":3,"39":3,"40":3,"41":0,"42":3,"43":3,"44":3,"45":1,"46":3,"47":1,"48":1,"49":1,"50":1,"51":1,"52":1,"53":1,"54":1,"55":1,"56":1,"57":0,"58":1,"59":6,"60":6,"61":1,"62":2,"63":0,"64":2,"65":1,"66":1,"67":0,"68":0,"69":0,"70":0,"71":0,"72":0,"73":0,"74":0,"75":0,"76":0,"77":0,"78":0,"79":0,"80":0,"81":0,"82":0,"83":0},"b":{"1":[2,1,1,1],"2":[1,1,1,1],"3":[1,1],"4":[2,2],"5":[1,1],"6":[1,1],"7":[2,0],"8":[2,1,1,1,1,1],"9":[0,2,0],"10":[1,1],"11":[2,1,1],"12":[1,0],"13":[0,2],"14":[2,0,0,0,0,0,0],"15":[0,3],"16":[3,0],"17":[1,1],"18":[0,1],"19":[1,2,0,2],"20":[1,0],"21":[1,1],"22":[0,0],"23":[0,0],"24":[0,0],"25":[0,0],"26":[0,0],"27":[0,0],"28":[0,0]},"f":{"1":2,"2":2,"3":2,"4":2,"5":2,"6":2,"7":3,"8":3,"9":3,"10":1,"11":6,"12":0},"fnMap":{"1":{"name":"(anonymous_1)","line":26,"loc":{"start":{"line":26,"column":1},"end":{"line":26,"column":13}}},"2":{"name":"(anonymous_2)","line":33,"loc":{"start":{"line":33,"column":5},"end":{"line":33,"column":17}}},"3":{"name":"(anonymous_3)","line":37,"loc":{"start":{"line":37,"column":24},"end":{"line":37,"column":36}}},"4":{"name":"(anonymous_4)","line":69,"loc":{"start":{"line":69,"column":31},"end":{"line":69,"column":48}},"skip":true},"5":{"name":"(anonymous_5)","line":78,"loc":{"start":{"line":78,"column":26},"end":{"line":78,"column":45}},"skip":true},"6":{"name":"(anonymous_6)","line":123,"loc":{"start":{"line":123,"column":33},"end":{"line":123,"column":48}},"skip":true},"7":{"name":"(anonymous_7)","line":125,"loc":{"start":{"line":125,"column":27},"end":{"line":125,"column":39}},"skip":true},"8":{"name":"(anonymous_8)","line":133,"loc":{"start":{"line":133,"column":59},"end":{"line":133,"column":74}},"skip":true},"9":{"name":"(anonymous_9)","line":143,"loc":{"start":{"line":143,"column":45},"end":{"line":143,"column":62}},"skip":true},"10":{"name":"(anonymous_10)","line":144,"loc":{"start":{"line":144,"column":73},"end":{"line":144,"column":92}},"skip":true},"11":{"name":"(anonymous_11)","line":272,"loc":{"start":{"line":272,"column":51},"end":{"line":272,"column":77}},"skip":true},"12":{"name":"(anonymous_12)","line":315,"loc":{"start":{"line":315,"column":32},"end":{"line":315,"column":61}},"skip":true}},"statementMap":{"1":{"start":{"line":26,"column":0},"end":{"line":326,"column":5}},"2":{"start":{"line":28,"column":4},"end":{"line":28,"column":14}},"3":{"start":{"line":33,"column":4},"end":{"line":60,"column":9}},"4":{"start":{"line":35,"column":8},"end":{"line":35,"column":19}},"5":{"start":{"line":37,"column":8},"end":{"line":49,"column":13}},"6":{"start":{"line":38,"column":12},"end":{"line":48,"column":13}},"7":{"start":{"line":39,"column":16},"end":{"line":42,"column":30}},"8":{"start":{"line":44,"column":16},"end":{"line":47,"column":27}},"9":{"start":{"line":51,"column":8},"end":{"line":53,"column":21}},"10":{"start":{"line":55,"column":8},"end":{"line":57,"column":45}},"11":{"start":{"line":59,"column":8},"end":{"line":59,"column":35}},"12":{"start":{"line":61,"column":4},"end":{"line":325,"column":5}},"13":{"start":{"line":69,"column":8},"end":{"line":121,"column":10},"skip":true},"14":{"start":{"line":70,"column":12},"end":{"line":88,"column":13},"skip":true},"15":{"start":{"line":76,"column":16},"end":{"line":87,"column":19},"skip":true},"16":{"start":{"line":79,"column":20},"end":{"line":86,"column":21},"skip":true},"17":{"start":{"line":82,"column":24},"end":{"line":82,"column":43},"skip":true},"18":{"start":{"line":83,"column":24},"end":{"line":83,"column":30},"skip":true},"19":{"start":{"line":85,"column":24},"end":{"line":85,"column":49},"skip":true},"20":{"start":{"line":89,"column":12},"end":{"line":107,"column":13},"skip":true},"21":{"start":{"line":92,"column":16},"end":{"line":102,"column":17},"skip":true},"22":{"start":{"line":93,"column":20},"end":{"line":93,"column":86},"skip":true},"23":{"start":{"line":94,"column":20},"end":{"line":95,"column":45},"skip":true},"24":{"start":{"line":96,"column":20},"end":{"line":96,"column":42},"skip":true},"25":{"start":{"line":97,"column":20},"end":{"line":97,"column":48},"skip":true},"26":{"start":{"line":100,"column":20},"end":{"line":100,"column":85},"skip":true},"27":{"start":{"line":101,"column":20},"end":{"line":101,"column":96},"skip":true},"28":{"start":{"line":103,"column":16},"end":{"line":103,"column":22},"skip":true},"29":{"start":{"line":106,"column":16},"end":{"line":106,"column":22},"skip":true},"30":{"start":{"line":108,"column":12},"end":{"line":120,"column":13},"skip":true},"31":{"start":{"line":114,"column":16},"end":{"line":119,"column":17},"skip":true},"32":{"start":{"line":116,"column":20},"end":{"line":116,"column":78},"skip":true},"33":{"start":{"line":118,"column":20},"end":{"line":118,"column":47},"skip":true},"34":{"start":{"line":123,"column":8},"end":{"line":141,"column":11},"skip":true},"35":{"start":{"line":124,"column":12},"end":{"line":124,"column":54},"skip":true},"36":{"start":{"line":125,"column":12},"end":{"line":140,"column":14},"skip":true},"37":{"start":{"line":126,"column":16},"end":{"line":126,"column":28},"skip":true},"38":{"start":{"line":127,"column":16},"end":{"line":127,"column":69},"skip":true},"39":{"start":{"line":128,"column":16},"end":{"line":128,"column":75},"skip":true},"40":{"start":{"line":129,"column":16},"end":{"line":131,"column":17},"skip":true},"41":{"start":{"line":130,"column":20},"end":{"line":130,"column":27},"skip":true},"42":{"start":{"line":133,"column":16},"end":{"line":137,"column":36},"skip":true},"43":{"start":{"line":134,"column":20},"end":{"line":136,"column":55},"skip":true},"44":{"start":{"line":139,"column":16},"end":{"line":139,"column":57},"skip":true},"45":{"start":{"line":143,"column":8},"end":{"line":147,"column":11},"skip":true},"46":{"start":{"line":144,"column":12},"end":{"line":146,"column":15},"skip":true},"47":{"start":{"line":145,"column":16},"end":{"line":145,"column":70},"skip":true},"48":{"start":{"line":149,"column":8},"end":{"line":149,"column":31},"skip":true},"49":{"start":{"line":150,"column":8},"end":{"line":150,"column":14},"skip":true},"50":{"start":{"line":158,"column":8},"end":{"line":158,"column":31},"skip":true},"51":{"start":{"line":160,"column":8},"end":{"line":160,"column":33},"skip":true},"52":{"start":{"line":161,"column":8},"end":{"line":161,"column":37},"skip":true},"53":{"start":{"line":162,"column":8},"end":{"line":162,"column":35},"skip":true},"54":{"start":{"line":164,"column":8},"end":{"line":164,"column":50},"skip":true},"55":{"start":{"line":166,"column":8},"end":{"line":256,"column":2},"skip":true},"56":{"start":{"line":258,"column":8},"end":{"line":286,"column":9},"skip":true},"57":{"start":{"line":259,"column":12},"end":{"line":269,"column":14},"skip":true},"58":{"start":{"line":271,"column":12},"end":{"line":285,"column":19},"skip":true},"59":{"start":{"line":274,"column":20},"end":{"line":274,"column":35},"skip":true},"60":{"start":{"line":275,"column":20},"end":{"line":284,"column":21},"skip":true},"61":{"start":{"line":277,"column":24},"end":{"line":277,"column":64},"skip":true},"62":{"start":{"line":279,"column":24},"end":{"line":279,"column":40},"skip":true},"63":{"start":{"line":281,"column":24},"end":{"line":281,"column":40},"skip":true},"64":{"start":{"line":283,"column":24},"end":{"line":283,"column":39},"skip":true},"65":{"start":{"line":288,"column":8},"end":{"line":290,"column":9},"skip":true},"66":{"start":{"line":289,"column":12},"end":{"line":289,"column":18},"skip":true},"67":{"start":{"line":291,"column":8},"end":{"line":293,"column":54},"skip":true},"68":{"start":{"line":296,"column":8},"end":{"line":301,"column":37},"skip":true},"69":{"start":{"line":303,"column":8},"end":{"line":303,"column":82},"skip":true},"70":{"start":{"line":306,"column":8},"end":{"line":308,"column":9},"skip":true},"71":{"start":{"line":307,"column":12},"end":{"line":307,"column":82},"skip":true},"72":{"start":{"line":310,"column":8},"end":{"line":312,"column":9},"skip":true},"73":{"start":{"line":311,"column":12},"end":{"line":311,"column":18},"skip":true},"74":{"start":{"line":313,"column":8},"end":{"line":313,"column":54},"skip":true},"75":{"start":{"line":314,"column":8},"end":{"line":314,"column":69},"skip":true},"76":{"start":{"line":315,"column":8},"end":{"line":323,"column":36},"skip":true},"77":{"start":{"line":316,"column":12},"end":{"line":316,"column":61},"skip":true},"78":{"start":{"line":317,"column":12},"end":{"line":320,"column":13},"skip":true},"79":{"start":{"line":318,"column":16},"end":{"line":318,"column":75},"skip":true},"80":{"start":{"line":319,"column":16},"end":{"line":319,"column":23},"skip":true},"81":{"start":{"line":321,"column":12},"end":{"line":321,"column":38},"skip":true},"82":{"start":{"line":322,"column":12},"end":{"line":322,"column":27},"skip":true},"83":{"start":{"line":324,"column":8},"end":{"line":324,"column":14},"skip":true}},"branchMap":{"1":{"line":39,"type":"binary-expr","locations":[{"start":{"line":39,"column":23},"end":{"line":39,"column":62}},{"start":{"line":40,"column":20},"end":{"line":40,"column":70}},{"start":{"line":41,"column":20},"end":{"line":41,"column":71}},{"start":{"line":42,"column":20},"end":{"line":42,"column":29}}]},"2":{"line":44,"type":"binary-expr","locations":[{"start":{"line":44,"column":23},"end":{"line":44,"column":37}},{"start":{"line":45,"column":20},"end":{"line":45,"column":61}},{"start":{"line":46,"column":20},"end":{"line":46,"column":70}},{"start":{"line":47,"column":20},"end":{"line":47,"column":26}}]},"3":{"line":51,"type":"cond-expr","locations":[{"start":{"line":52,"column":14},"end":{"line":52,"column":20}},{"start":{"line":53,"column":14},"end":{"line":53,"column":20}}]},"4":{"line":55,"type":"binary-expr","locations":[{"start":{"line":55,"column":16},"end":{"line":55,"column":44}},{"start":{"line":55,"column":49},"end":{"line":57,"column":43}}]},"5":{"line":55,"type":"cond-expr","locations":[{"start":{"line":56,"column":14},"end":{"line":56,"column":48}},{"start":{"line":57,"column":14},"end":{"line":57,"column":43}}]},"6":{"line":61,"type":"switch","locations":[{"start":{"line":68,"column":4},"end":{"line":150,"column":14},"skip":true},{"start":{"line":156,"column":4},"end":{"line":324,"column":14},"skip":true}]},"7":{"line":70,"type":"if","locations":[{"start":{"line":70,"column":12},"end":{"line":70,"column":12},"skip":true},{"start":{"line":70,"column":12},"end":{"line":70,"column":12},"skip":true}]},"8":{"line":70,"type":"binary-expr","locations":[{"start":{"line":70,"column":16},"end":{"line":70,"column":22},"skip":true},{"start":{"line":70,"column":27},"end":{"line":70,"column":32},"skip":true},{"start":{"line":71,"column":20},"end":{"line":71,"column":39},"skip":true},{"start":{"line":72,"column":20},"end":{"line":72,"column":49},"skip":true},{"start":{"line":73,"column":20},"end":{"line":73,"column":58},"skip":true},{"start":{"line":74,"column":20},"end":{"line":74,"column":69},"skip":true}]},"9":{"line":79,"type":"switch","locations":[{"start":{"line":80,"column":20},"end":{"line":80,"column":33},"skip":true},{"start":{"line":81,"column":20},"end":{"line":83,"column":30},"skip":true},{"start":{"line":84,"column":20},"end":{"line":85,"column":49},"skip":true}]},"10":{"line":89,"type":"switch","locations":[{"start":{"line":90,"column":12},"end":{"line":103,"column":22},"skip":true},{"start":{"line":105,"column":12},"end":{"line":106,"column":22},"skip":true}]},"11":{"line":89,"type":"binary-expr","locations":[{"start":{"line":89,"column":20},"end":{"line":89,"column":25},"skip":true},{"start":{"line":89,"column":29},"end":{"line":89,"column":48},"skip":true},{"start":{"line":89,"column":52},"end":{"line":89,"column":74},"skip":true}]},"12":{"line":92,"type":"if","locations":[{"start":{"line":92,"column":16},"end":{"line":92,"column":16},"skip":true},{"start":{"line":92,"column":16},"end":{"line":92,"column":16},"skip":true}]},"13":{"line":108,"type":"if","locations":[{"start":{"line":108,"column":12},"end":{"line":108,"column":12},"skip":true},{"start":{"line":108,"column":12},"end":{"line":108,"column":12},"skip":true}]},"14":{"line":108,"type":"binary-expr","locations":[{"start":{"line":108,"column":16},"end":{"line":108,"column":61},"skip":true},{"start":{"line":108,"column":66},"end":{"line":108,"column":72},"skip":true},{"start":{"line":108,"column":77},"end":{"line":108,"column":82},"skip":true},{"start":{"line":109,"column":20},"end":{"line":109,"column":39},"skip":true},{"start":{"line":110,"column":20},"end":{"line":110,"column":49},"skip":true},{"start":{"line":111,"column":20},"end":{"line":111,"column":58},"skip":true},{"start":{"line":112,"column":20},"end":{"line":112,"column":68},"skip":true}]},"15":{"line":129,"type":"if","locations":[{"start":{"line":129,"column":16},"end":{"line":129,"column":16},"skip":true},{"start":{"line":129,"column":16},"end":{"line":129,"column":16},"skip":true}]},"16":{"line":134,"type":"cond-expr","locations":[{"start":{"line":135,"column":26},"end":{"line":135,"column":29},"skip":true},{"start":{"line":136,"column":26},"end":{"line":136,"column":54},"skip":true}]},"17":{"line":164,"type":"binary-expr","locations":[{"start":{"line":164,"column":27},"end":{"line":164,"column":43},"skip":true},{"start":{"line":164,"column":47},"end":{"line":164,"column":49},"skip":true}]},"18":{"line":258,"type":"if","locations":[{"start":{"line":258,"column":8},"end":{"line":258,"column":8},"skip":true},{"start":{"line":258,"column":8},"end":{"line":258,"column":8},"skip":true}]},"19":{"line":275,"type":"switch","locations":[{"start":{"line":276,"column":20},"end":{"line":277,"column":64},"skip":true},{"start":{"line":278,"column":20},"end":{"line":279,"column":40},"skip":true},{"start":{"line":280,"column":20},"end":{"line":281,"column":40},"skip":true},{"start":{"line":282,"column":20},"end":{"line":283,"column":39},"skip":true}]},"20":{"line":288,"type":"if","locations":[{"start":{"line":288,"column":8},"end":{"line":288,"column":8},"skip":true},{"start":{"line":288,"column":8},"end":{"line":288,"column":8},"skip":true}]},"21":{"line":288,"type":"binary-expr","locations":[{"start":{"line":288,"column":12},"end":{"line":288,"column":40},"skip":true},{"start":{"line":288,"column":44},"end":{"line":288,"column":67},"skip":true}]},"22":{"line":292,"type":"binary-expr","locations":[{"start":{"line":292,"column":12},"end":{"line":292,"column":50},"skip":true},{"start":{"line":293,"column":12},"end":{"line":293,"column":53},"skip":true}]},"23":{"line":297,"type":"binary-expr","locations":[{"start":{"line":297,"column":12},"end":{"line":297,"column":62},"skip":true},{"start":{"line":298,"column":12},"end":{"line":301,"column":36},"skip":true}]},"24":{"line":303,"type":"binary-expr","locations":[{"start":{"line":303,"column":43},"end":{"line":303,"column":75},"skip":true},{"start":{"line":303,"column":79},"end":{"line":303,"column":81},"skip":true}]},"25":{"line":306,"type":"if","locations":[{"start":{"line":306,"column":8},"end":{"line":306,"column":8},"skip":true},{"start":{"line":306,"column":8},"end":{"line":306,"column":8},"skip":true}]},"26":{"line":310,"type":"if","locations":[{"start":{"line":310,"column":8},"end":{"line":310,"column":8},"skip":true},{"start":{"line":310,"column":8},"end":{"line":310,"column":8},"skip":true}]},"27":{"line":313,"type":"binary-expr","locations":[{"start":{"line":313,"column":27},"end":{"line":313,"column":43},"skip":true},{"start":{"line":313,"column":47},"end":{"line":313,"column":53},"skip":true}]},"28":{"line":317,"type":"if","locations":[{"start":{"line":317,"column":12},"end":{"line":317,"column":12},"skip":true},{"start":{"line":317,"column":12},"end":{"line":317,"column":12},"skip":true}]}},"code":["/*","example.js","","quickstart example","","instruction","    1. save this script as example.js","    2. run the shell command:","        $ npm install npmtest-npmd && PORT=8081 node example.js","    3. play with the browser-demo on http://127.0.0.1:8081","*/","","","","/* istanbul instrument in package npmtest_npmd */","/*jslint","    bitwise: true,","    browser: true,","    maxerr: 8,","    maxlen: 96,","    node: true,","    nomen: true,","    regexp: true,","    stupid: true","*/","(function () {","    'use strict';","    var local;","","","","    // run shared js-env code - pre-init","    (function () {","        // init local","        local = {};","        // init modeJs","        local.modeJs = (function () {","            try {","                return typeof navigator.userAgent === 'string' &&","                    typeof document.querySelector('body') === 'object' &&","                    typeof XMLHttpRequest.prototype.open === 'function' &&","                    'browser';","            } catch (errorCaughtBrowser) {","                return module.exports &&","                    typeof process.versions.node === 'string' &&","                    typeof require('http').createServer === 'function' &&","                    'node';","            }","        }());","        // init global","        local.global = local.modeJs === 'browser'","            ? window","            : global;","        // init utility2_rollup","        local = local.global.utility2_rollup || (local.modeJs === 'browser'","            ? local.global.utility2_npmtest_npmd","            : global.utility2_moduleExports);","        // export local","        local.global.local = local;","    }());","    switch (local.modeJs) {","","","","    // post-init","    // run browser js-env code - post-init","    /* istanbul ignore next */","    case 'browser':","        local.testRunBrowser = function (event) {","            if (!event || (event &&","                    event.currentTarget &&","                    event.currentTarget.className &&","                    event.currentTarget.className.includes &&","                    event.currentTarget.className.includes('onreset'))) {","                // reset output","                Array.from(","                    document.querySelectorAll('body > .resettable')","                ).forEach(function (element) {","                    switch (element.tagName) {","                    case 'INPUT':","                    case 'TEXTAREA':","                        element.value = '';","                        break;","                    default:","                        element.textContent = '';","                    }","                });","            }","            switch (event && event.currentTarget && event.currentTarget.id) {","            case 'testRunButton1':","                // show tests","                if (document.querySelector('#testReportDiv1').style.display === 'none') {","                    document.querySelector('#testReportDiv1').style.display = 'block';","                    document.querySelector('#testRunButton1').textContent =","                        'hide internal test';","                    local.modeTest = true;","                    local.testRunDefault(local);","                // hide tests","                } else {","                    document.querySelector('#testReportDiv1').style.display = 'none';","                    document.querySelector('#testRunButton1').textContent = 'run internal test';","                }","                break;","            // custom-case","            default:","                break;","            }","            if (document.querySelector('#inputTextareaEval1') && (!event || (event &&","                    event.currentTarget &&","                    event.currentTarget.className &&","                    event.currentTarget.className.includes &&","                    event.currentTarget.className.includes('oneval')))) {","                // try to eval input-code","                try {","                    /*jslint evil: true*/","                    eval(document.querySelector('#inputTextareaEval1').value);","                } catch (errorCaught) {","                    console.error(errorCaught);","                }","            }","        };","        // log stderr and stdout to #outputTextareaStdout1","        ['error', 'log'].forEach(function (key) {","            console[key + '_original'] = console[key];","            console[key] = function () {","                var element;","                console[key + '_original'].apply(console, arguments);","                element = document.querySelector('#outputTextareaStdout1');","                if (!element) {","                    return;","                }","                // append text to #outputTextareaStdout1","                element.value += Array.from(arguments).map(function (arg) {","                    return typeof arg === 'string'","                        ? arg","                        : JSON.stringify(arg, null, 4);","                }).join(' ') + '\\n';","                // scroll textarea to bottom","                element.scrollTop = element.scrollHeight;","            };","        });","        // init event-handling","        ['change', 'click', 'keyup'].forEach(function (event) {","            Array.from(document.querySelectorAll('.on' + event)).forEach(function (element) {","                element.addEventListener(event, local.testRunBrowser);","            });","        });","        // run tests","        local.testRunBrowser();","        break;","","","","    // run node js-env code - post-init","    /* istanbul ignore next */","    case 'node':","        // export local","        module.exports = local;","        // require modules","        local.fs = require('fs');","        local.http = require('http');","        local.url = require('url');","        // init assets","        local.assetsDict = local.assetsDict || {};","        /* jslint-ignore-begin */","        local.assetsDict['/assets.index.template.html'] = '\\","<!doctype html>\\n\\","<html lang=\"en\">\\n\\","<head>\\n\\","<meta charset=\"UTF-8\">\\n\\","<meta name=\"viewport\" content=\"width=device-width, initial-scale=1\">\\n\\","<title>{{env.npm_package_name}} (v{{env.npm_package_version}})</title>\\n\\","<style>\\n\\","/*csslint\\n\\","    box-sizing: false,\\n\\","    universal-selector: false\\n\\","*/\\n\\","* {\\n\\","    box-sizing: border-box;\\n\\","}\\n\\","body {\\n\\","    background: #dde;\\n\\","    font-family: Arial, Helvetica, sans-serif;\\n\\","    margin: 2rem;\\n\\","}\\n\\","body > * {\\n\\","    margin-bottom: 1rem;\\n\\","}\\n\\",".utility2FooterDiv {\\n\\","    margin-top: 20px;\\n\\","    text-align: center;\\n\\","}\\n\\","</style>\\n\\","<style>\\n\\","/*csslint\\n\\","*/\\n\\","textarea {\\n\\","    font-family: monospace;\\n\\","    height: 10rem;\\n\\","    width: 100%;\\n\\","}\\n\\","textarea[readonly] {\\n\\","    background: #ddd;\\n\\","}\\n\\","</style>\\n\\","</head>\\n\\","<body>\\n\\","<!-- utility2-comment\\n\\","<div id=\"ajaxProgressDiv1\" style=\"background: #d00; height: 2px; left: 0; margin: 0; padding: 0; position: fixed; top: 0; transition: background 0.5s, width 1.5s; width: 25%;\"></div>\\n\\","utility2-comment -->\\n\\","<h1>\\n\\","<!-- utility2-comment\\n\\","    <a\\n\\","        {{#if env.npm_package_homepage}}\\n\\","        href=\"{{env.npm_package_homepage}}\"\\n\\","        {{/if env.npm_package_homepage}}\\n\\","        target=\"_blank\"\\n\\","    >\\n\\","utility2-comment -->\\n\\","        {{env.npm_package_name}} (v{{env.npm_package_version}})\\n\\","<!-- utility2-comment\\n\\","    </a>\\n\\","utility2-comment -->\\n\\","</h1>\\n\\","<h3>{{env.npm_package_description}}</h3>\\n\\","<!-- utility2-comment\\n\\","<h4><a download href=\"assets.app.js\">download standalone app</a></h4>\\n\\","<button class=\"onclick onreset\" id=\"testRunButton1\">run internal test</button><br>\\n\\","<div id=\"testReportDiv1\" style=\"display: none;\"></div>\\n\\","utility2-comment -->\\n\\","\\n\\","\\n\\","\\n\\","<label>stderr and stdout</label>\\n\\","<textarea class=\"resettable\" id=\"outputTextareaStdout1\" readonly></textarea>\\n\\","<!-- utility2-comment\\n\\","{{#if isRollup}}\\n\\","<script src=\"assets.app.js\"></script>\\n\\","{{#unless isRollup}}\\n\\","utility2-comment -->\\n\\","<script src=\"assets.utility2.rollup.js\"></script>\\n\\","<script src=\"jsonp.utility2._stateInit?callback=window.utility2._stateInit\"></script>\\n\\","<script src=\"assets.npmtest_npmd.rollup.js\"></script>\\n\\","<script src=\"assets.example.js\"></script>\\n\\","<script src=\"assets.test.js\"></script>\\n\\","<!-- utility2-comment\\n\\","{{/if isRollup}}\\n\\","utility2-comment -->\\n\\","<div class=\"utility2FooterDiv\">\\n\\","    [ this app was created with\\n\\","    <a href=\"https://github.com/kaizhu256/node-utility2\" target=\"_blank\">utility2</a>\\n\\","    ]\\n\\","</div>\\n\\","</body>\\n\\","</html>\\n\\","';","        /* jslint-ignore-end */","        if (local.templateRender) {","            local.assetsDict['/'] = local.templateRender(","                local.assetsDict['/assets.index.template.html'],","                {","                    env: local.objectSetDefault(local.env, {","                        npm_package_description: 'the greatest app in the world!',","                        npm_package_name: 'my-app',","                        npm_package_nameAlias: 'my_app',","                        npm_package_version: '0.0.1'","                    })","                }","            );","        } else {","            local.assetsDict['/'] = local.assetsDict['/assets.index.template.html']","                .replace((/\\{\\{env\\.(\\w+?)\\}\\}/g), function (match0, match1) {","                    // jslint-hack","                    String(match0);","                    switch (match1) {","                    case 'npm_package_description':","                        return 'the greatest app in the world!';","                    case 'npm_package_name':","                        return 'my-app';","                    case 'npm_package_nameAlias':","                        return 'my_app';","                    case 'npm_package_version':","                        return '0.0.1';","                    }","                });","        }","        // run the cli","        if (local.global.utility2_rollup || module !== require.main) {","            break;","        }","        local.assetsDict['/assets.example.js'] =","            local.assetsDict['/assets.example.js'] ||","            local.fs.readFileSync(__filename, 'utf8');","        // bug-workaround - long $npm_package_buildCustomOrg","        /* jslint-ignore-begin */","        local.assetsDict['/assets.npmtest_npmd.rollup.js'] =","            local.assetsDict['/assets.npmtest_npmd.rollup.js'] ||","            local.fs.readFileSync(","                local.npmtest_npmd.__dirname + '/lib.npmtest_npmd.js',","                'utf8'","            ).replace((/^#!/), '//');","        /* jslint-ignore-end */","        local.assetsDict['/favicon.ico'] = local.assetsDict['/favicon.ico'] || '';","        // if $npm_config_timeout_exit exists,","        // then exit this process after $npm_config_timeout_exit ms","        if (Number(process.env.npm_config_timeout_exit)) {","            setTimeout(process.exit, Number(process.env.npm_config_timeout_exit));","        }","        // start server","        if (local.global.utility2_serverHttp1) {","            break;","        }","        process.env.PORT = process.env.PORT || '8081';","        console.error('server starting on port ' + process.env.PORT);","        local.http.createServer(function (request, response) {","            request.urlParsed = local.url.parse(request.url);","            if (local.assetsDict[request.urlParsed.pathname] !== undefined) {","                response.end(local.assetsDict[request.urlParsed.pathname]);","                return;","            }","            response.statusCode = 404;","            response.end();","        }).listen(process.env.PORT);","        break;","    }","}());",""],"l":{"26":2,"28":2,"33":2,"35":2,"37":2,"38":2,"39":2,"44":1,"51":2,"55":2,"59":2,"61":2,"69":1,"70":2,"76":2,"79":2,"82":2,"83":2,"85":1,"89":2,"92":1,"93":1,"94":1,"96":1,"97":1,"100":1,"101":1,"103":1,"106":1,"108":2,"114":1,"116":1,"118":1,"123":1,"124":2,"125":2,"126":3,"127":3,"128":3,"129":3,"130":1,"133":3,"134":3,"139":3,"143":1,"144":3,"145":1,"149":1,"150":1,"158":1,"160":1,"161":1,"162":1,"164":1,"166":1,"258":1,"259":1,"271":1,"274":6,"275":6,"277":1,"279":2,"281":1,"283":2,"288":1,"289":1,"291":1,"296":1,"303":1,"306":1,"307":1,"310":1,"311":1,"313":1,"314":1,"315":1,"316":1,"317":1,"318":1,"319":1,"321":1,"322":1,"324":1}},"/home/travis/build/npmtest/node-npmtest-npmd/node_modules/npmd/index.js":{"path":"/home/travis/build/npmtest/node-npmtest-npmd/node_modules/npmd/index.js","s":{"1":6,"2":6,"3":6,"4":6,"5":6,"6":6,"7":6,"8":6,"9":0,"10":0,"11":6,"12":6,"13":1,"14":0,"15":0,"16":0,"17":0,"18":0,"19":0,"20":0,"21":0,"22":0,"23":0,"24":0,"25":6,"26":0,"27":0,"28":0,"29":0,"30":1,"31":0,"32":0,"33":0,"34":0,"35":0,"36":1,"37":0,"38":0,"39":0,"40":0,"41":1,"42":0,"43":0,"44":0,"45":0,"46":0,"47":0,"48":0,"49":0,"50":0,"51":0,"52":0,"53":0,"54":0},"b":{"1":[0,6],"2":[0,0],"3":[0,0],"4":[0,0],"5":[0,0],"6":[0,0],"7":[0,0],"8":[0,0],"9":[0,0],"10":[0,0],"11":[0,0],"12":[0,0],"13":[0,0]},"f":{"1":0,"2":0,"3":0,"4":0,"5":0,"6":0,"7":0,"8":0,"9":0,"10":0,"11":0,"12":0,"13":0},"fnMap":{"1":{"name":"createDb","line":24,"loc":{"start":{"line":24,"column":0},"end":{"line":24,"column":23}}},"2":{"name":"(anonymous_2)","line":28,"loc":{"start":{"line":28,"column":4},"end":{"line":28,"column":23}}},"3":{"name":"(anonymous_3)","line":30,"loc":{"start":{"line":30,"column":37},"end":{"line":30,"column":52}}},"4":{"name":"(anonymous_4)","line":48,"loc":{"start":{"line":48,"column":13},"end":{"line":48,"column":27}}},"5":{"name":"(anonymous_5)","line":49,"loc":{"start":{"line":49,"column":21},"end":{"line":49,"column":54}}},"6":{"name":"(anonymous_6)","line":51,"loc":{"start":{"line":51,"column":21},"end":{"line":51,"column":33}}},"7":{"name":"addCommands","line":61,"loc":{"start":{"line":61,"column":0},"end":{"line":61,"column":25}}},"8":{"name":"(anonymous_8)","line":63,"loc":{"start":{"line":63,"column":18},"end":{"line":63,"column":34}}},"9":{"name":"addDb","line":70,"loc":{"start":{"line":70,"column":0},"end":{"line":70,"column":35}}},"10":{"name":"(anonymous_10)","line":72,"loc":{"start":{"line":72,"column":18},"end":{"line":72,"column":31}}},"11":{"name":"execCommands","line":81,"loc":{"start":{"line":81,"column":0},"end":{"line":81,"column":39}}},"12":{"name":"(anonymous_12)","line":86,"loc":{"start":{"line":86,"column":9},"end":{"line":86,"column":26}}},"13":{"name":"(anonymous_13)","line":94,"loc":{"start":{"line":94,"column":27},"end":{"line":94,"column":48}}}},"statementMap":{"1":{"start":{"line":5,"column":0},"end":{"line":5,"column":30}},"2":{"start":{"line":6,"column":0},"end":{"line":6,"column":32}},"3":{"start":{"line":7,"column":0},"end":{"line":7,"column":34}},"4":{"start":{"line":9,"column":0},"end":{"line":9,"column":35}},"5":{"start":{"line":11,"column":0},"end":{"line":11,"column":39}},"6":{"start":{"line":12,"column":0},"end":{"line":12,"column":37}},"7":{"start":{"line":13,"column":0},"end":{"line":13,"column":39}},"8":{"start":{"line":15,"column":0},"end":{"line":18,"column":1}},"9":{"start":{"line":16,"column":2},"end":{"line":16,"column":43}},"10":{"start":{"line":17,"column":2},"end":{"line":17,"column":16}},"11":{"start":{"line":20,"column":0},"end":{"line":20,"column":36}},"12":{"start":{"line":22,"column":0},"end":{"line":22,"column":13}},"13":{"start":{"line":24,"column":0},"end":{"line":40,"column":1}},"14":{"start":{"line":25,"column":2},"end":{"line":39,"column":3}},"15":{"start":{"line":29,"column":6},"end":{"line":33,"column":10}},"16":{"start":{"line":30,"column":8},"end":{"line":33,"column":10}},"17":{"start":{"line":31,"column":10},"end":{"line":31,"column":32}},"18":{"start":{"line":31,"column":18},"end":{"line":31,"column":32}},"19":{"start":{"line":32,"column":10},"end":{"line":32,"column":22}},"20":{"start":{"line":34,"column":6},"end":{"line":34,"column":28}},"21":{"start":{"line":34,"column":14},"end":{"line":34,"column":28}},"22":{"start":{"line":35,"column":6},"end":{"line":35,"column":21}},"23":{"start":{"line":36,"column":6},"end":{"line":36,"column":37}},"24":{"start":{"line":37,"column":6},"end":{"line":37,"column":18}},"25":{"start":{"line":42,"column":0},"end":{"line":59,"column":1}},"26":{"start":{"line":49,"column":4},"end":{"line":56,"column":8}},"27":{"start":{"line":50,"column":8},"end":{"line":54,"column":29}},"28":{"start":{"line":52,"column":10},"end":{"line":52,"column":14}},"29":{"start":{"line":55,"column":6},"end":{"line":55,"column":17}},"30":{"start":{"line":61,"column":0},"end":{"line":68,"column":1}},"31":{"start":{"line":62,"column":2},"end":{"line":62,"column":27}},"32":{"start":{"line":63,"column":2},"end":{"line":67,"column":4}},"33":{"start":{"line":64,"column":4},"end":{"line":64,"column":39}},"34":{"start":{"line":65,"column":4},"end":{"line":66,"column":28}},"35":{"start":{"line":66,"column":6},"end":{"line":66,"column":28}},"36":{"start":{"line":70,"column":0},"end":{"line":76,"column":1}},"37":{"start":{"line":71,"column":2},"end":{"line":71,"column":20}},"38":{"start":{"line":72,"column":2},"end":{"line":75,"column":4}},"39":{"start":{"line":73,"column":4},"end":{"line":74,"column":29}},"40":{"start":{"line":74,"column":6},"end":{"line":74,"column":29}},"41":{"start":{"line":81,"column":0},"end":{"line":84,"column":1}},"42":{"start":{"line":82,"column":2},"end":{"line":83,"column":36}},"43":{"start":{"line":83,"column":4},"end":{"line":83,"column":36}},"44":{"start":{"line":86,"column":0},"end":{"line":100,"column":2}},"45":{"start":{"line":87,"column":2},"end":{"line":87,"column":19}},"46":{"start":{"line":87,"column":10},"end":{"line":87,"column":19}},"47":{"start":{"line":91,"column":2},"end":{"line":91,"column":26}},"48":{"start":{"line":92,"column":2},"end":{"line":92,"column":32}},"49":{"start":{"line":94,"column":2},"end":{"line":99,"column":4}},"50":{"start":{"line":95,"column":4},"end":{"line":95,"column":21}},"51":{"start":{"line":95,"column":12},"end":{"line":95,"column":21}},"52":{"start":{"line":96,"column":4},"end":{"line":97,"column":48}},"53":{"start":{"line":97,"column":6},"end":{"line":97,"column":48}},"54":{"start":{"line":98,"column":4},"end":{"line":98,"column":18}}},"branchMap":{"1":{"line":15,"type":"if","locations":[{"start":{"line":15,"column":0},"end":{"line":15,"column":0}},{"start":{"line":15,"column":0},"end":{"line":15,"column":0}}]},"2":{"line":26,"type":"cond-expr","locations":[{"start":{"line":26,"column":43},"end":{"line":26,"column":49}},{"start":{"line":26,"column":52},"end":{"line":26,"column":56}}]},"3":{"line":29,"type":"if","locations":[{"start":{"line":29,"column":6},"end":{"line":29,"column":6}},{"start":{"line":29,"column":6},"end":{"line":29,"column":6}}]},"4":{"line":29,"type":"binary-expr","locations":[{"start":{"line":29,"column":9},"end":{"line":29,"column":12}},{"start":{"line":29,"column":16},"end":{"line":29,"column":61}}]},"5":{"line":31,"type":"if","locations":[{"start":{"line":31,"column":10},"end":{"line":31,"column":10}},{"start":{"line":31,"column":10},"end":{"line":31,"column":10}}]},"6":{"line":34,"type":"if","locations":[{"start":{"line":34,"column":6},"end":{"line":34,"column":6}},{"start":{"line":34,"column":6},"end":{"line":34,"column":6}}]},"7":{"line":64,"type":"binary-expr","locations":[{"start":{"line":64,"column":14},"end":{"line":64,"column":22}},{"start":{"line":64,"column":26},"end":{"line":64,"column":39}}]},"8":{"line":65,"type":"if","locations":[{"start":{"line":65,"column":4},"end":{"line":65,"column":4}},{"start":{"line":65,"column":4},"end":{"line":65,"column":4}}]},"9":{"line":73,"type":"if","locations":[{"start":{"line":73,"column":4},"end":{"line":73,"column":4}},{"start":{"line":73,"column":4},"end":{"line":73,"column":4}}]},"10":{"line":82,"type":"if","locations":[{"start":{"line":82,"column":2},"end":{"line":82,"column":2}},{"start":{"line":82,"column":2},"end":{"line":82,"column":2}}]},"11":{"line":87,"type":"if","locations":[{"start":{"line":87,"column":2},"end":{"line":87,"column":2}},{"start":{"line":87,"column":2},"end":{"line":87,"column":2}}]},"12":{"line":95,"type":"if","locations":[{"start":{"line":95,"column":4},"end":{"line":95,"column":4}},{"start":{"line":95,"column":4},"end":{"line":95,"column":4}}]},"13":{"line":96,"type":"if","locations":[{"start":{"line":96,"column":4},"end":{"line":96,"column":4}},{"start":{"line":96,"column":4},"end":{"line":96,"column":4}}]}},"code":["//#!/usr/bin/env node","","'use strict'","","var fs         = require('fs')","var path       = require('path')","var mkdirp     = require('mkdirp')","","var levelup    = require('levelup')","","var config     = require('npmd-config')","var commands   = require('./options')","var createCache = require('npmd-cache')","","if(config.version) {","  console.log(require('./package').version)","  process.exit()","}","","var medeadown = require('medeadown')","","var db, cache","","function createDb (cb) {","  levelup(","    path.join(config.dbPath, config.jsdb ? 'jsdb' : 'db'),","    {encoding: 'json', db: medeadown},","    function (err, db) {","      if(err && /No such file or directory/.test(err.message))","        return mkdirp(config.dbPath, function (err) {","          if(err) return cb(err)","          createDb(cb)","        })","      if(err) return cb(err)","      db.methods = {}","      cache = createCache(db, config)","      cb(null, db)","    }","  )","}","","var plugins = [","  require('./plugins/resolve'),","  require('./plugins/tree'),","  require('./plugins/install'),","  require('./plugins/help'),","  require('./plugins/build'),","  {commands: function (db) {","    db.commands.push(function (db, cache, config, cb) {","        fs.createReadStream(__dirname + '/docs/usage.md')","        .on('close', function () {","          cb()","        })","        .pipe(process.stdout)","      return true","      })","    }","  }","]","","function addCommands(db) {","  db.cli = db.commands = []","  plugins.forEach(function (plug) {","    var cli = plug.cli || plug.commands","    if('function' === typeof cli)","      cli(db, cache, config)","  })","}","","function addDb (db, cache, config) {","  db.config = config","  plugins.forEach(function (e) {","    if('function' === typeof e.db)","      e.db(db, cache, config)","  })","}","","//TODO: make a middleware like thing but with","//cli commands.","","function execCommands (db, config, cb) {","  if(!commands(db.commands) (db, cache, config, cb))","    cb(new Error('unknown command'))","}","","createDb(function(err, db){","  if(err) throw err","","  //attach all plugins.","  //process any commands.","  addDb(db, cache, config)","  addCommands(db, cache, config)","","  execCommands(db, config, function (err, data) {","    if(err) throw err","    if(data)","      console.log(JSON.stringify(data, null, 2))","    process.exit()","  })","})","",""],"l":{"5":6,"6":6,"7":6,"9":6,"11":6,"12":6,"13":6,"15":6,"16":0,"17":0,"20":6,"22":6,"24":1,"25":0,"29":0,"30":0,"31":0,"32":0,"34":0,"35":0,"36":0,"37":0,"42":6,"49":0,"50":0,"52":0,"55":0,"61":1,"62":0,"63":0,"64":0,"65":0,"66":0,"70":1,"71":0,"72":0,"73":0,"74":0,"81":1,"82":0,"83":0,"86":0,"87":0,"91":0,"92":0,"94":0,"95":0,"96":0,"97":0,"98":0}},"/home/travis/build/npmtest/node-npmtest-npmd/node_modules/npmd-config/index.js":{"path":"/home/travis/build/npmtest/node-npmtest-npmd/node_modules/npmd-config/index.js","s":{"1":1,"2":1,"3":1,"4":1,"5":1,"6":1,"7":1,"8":1,"9":1,"10":1,"11":0,"12":1,"13":0,"14":0,"15":0,"16":0,"17":0,"18":0,"19":0,"20":0,"21":1,"22":1,"23":1,"24":1,"25":0,"26":1,"27":1,"28":1,"29":1,"30":1,"31":1,"32":1,"33":1,"34":2,"35":1,"36":1,"37":15,"38":14,"39":1,"40":1,"41":1,"42":0,"43":1,"44":1,"45":0,"46":1,"47":19,"48":1,"49":0,"50":0,"51":0,"52":1,"53":0,"54":1,"55":1,"56":0},"b":{"1":[0,0],"2":[0,0],"3":[0,0],"4":[1,0],"5":[1,0],"6":[0,1],"7":[1,0,1],"8":[1,1],"9":[0,1],"10":[1,0],"11":[14,1],"12":[0,1],"13":[0,1],"14":[1,0],"15":[1,1],"16":[0,1],"17":[1,1],"18":[0,1],"19":[1,1],"20":[0,1],"21":[0,1],"22":[0,1]},"f":{"1":0,"2":0,"3":1},"fnMap":{"1":{"name":"obsfucate","line":14,"loc":{"start":{"line":14,"column":0},"end":{"line":14,"column":23}}},"2":{"name":"dumpConfig","line":18,"loc":{"start":{"line":18,"column":0},"end":{"line":18,"column":29}}},"3":{"name":"(anonymous_3)","line":29,"loc":{"start":{"line":29,"column":31},"end":{"line":29,"column":43}}}},"statementMap":{"1":{"start":{"line":3,"column":0},"end":{"line":3,"column":30}},"2":{"start":{"line":4,"column":0},"end":{"line":4,"column":28}},"3":{"start":{"line":5,"column":0},"end":{"line":5,"column":34}},"4":{"start":{"line":6,"column":0},"end":{"line":6,"column":39}},"5":{"start":{"line":7,"column":0},"end":{"line":7,"column":28}},"6":{"start":{"line":8,"column":0},"end":{"line":8,"column":29}},"7":{"start":{"line":9,"column":0},"end":{"line":9,"column":31}},"8":{"start":{"line":11,"column":0},"end":{"line":11,"column":27}},"9":{"start":{"line":12,"column":0},"end":{"line":12,"column":29}},"10":{"start":{"line":14,"column":0},"end":{"line":16,"column":1}},"11":{"start":{"line":15,"column":2},"end":{"line":15,"column":29}},"12":{"start":{"line":18,"column":0},"end":{"line":27,"column":1}},"13":{"start":{"line":19,"column":2},"end":{"line":19,"column":50}},"14":{"start":{"line":20,"column":2},"end":{"line":21,"column":66}},"15":{"start":{"line":21,"column":4},"end":{"line":21,"column":66}},"16":{"start":{"line":22,"column":2},"end":{"line":23,"column":44}},"17":{"start":{"line":23,"column":4},"end":{"line":23,"column":44}},"18":{"start":{"line":24,"column":2},"end":{"line":25,"column":42}},"19":{"start":{"line":25,"column":4},"end":{"line":25,"column":42}},"20":{"start":{"line":26,"column":2},"end":{"line":26,"column":47}},"21":{"start":{"line":29,"column":0},"end":{"line":129,"column":4}},"22":{"start":{"line":31,"column":2},"end":{"line":31,"column":64}},"23":{"start":{"line":33,"column":2},"end":{"line":34,"column":50}},"24":{"start":{"line":33,"column":12},"end":{"line":33,"column":35}},"25":{"start":{"line":34,"column":7},"end":{"line":34,"column":50}},"26":{"start":{"line":36,"column":2},"end":{"line":36,"column":70}},"27":{"start":{"line":37,"column":2},"end":{"line":37,"column":77}},"28":{"start":{"line":38,"column":2},"end":{"line":38,"column":49}},"29":{"start":{"line":42,"column":2},"end":{"line":64,"column":3}},"30":{"start":{"line":67,"column":2},"end":{"line":71,"column":15}},"31":{"start":{"line":67,"column":11},"end":{"line":71,"column":15}},"32":{"start":{"line":68,"column":4},"end":{"line":68,"column":73}},"33":{"start":{"line":69,"column":4},"end":{"line":70,"column":24}},"34":{"start":{"line":70,"column":6},"end":{"line":70,"column":24}},"35":{"start":{"line":73,"column":2},"end":{"line":97,"column":8}},"36":{"start":{"line":99,"column":2},"end":{"line":101,"column":20}},"37":{"start":{"line":100,"column":4},"end":{"line":101,"column":20}},"38":{"start":{"line":101,"column":6},"end":{"line":101,"column":20}},"39":{"start":{"line":105,"column":2},"end":{"line":105,"column":41}},"40":{"start":{"line":106,"column":2},"end":{"line":106,"column":71}},"41":{"start":{"line":107,"column":2},"end":{"line":108,"column":63}},"42":{"start":{"line":108,"column":4},"end":{"line":108,"column":63}},"43":{"start":{"line":110,"column":2},"end":{"line":112,"column":68}},"44":{"start":{"line":114,"column":2},"end":{"line":115,"column":49}},"45":{"start":{"line":115,"column":4},"end":{"line":115,"column":49}},"46":{"start":{"line":117,"column":2},"end":{"line":118,"column":31}},"47":{"start":{"line":118,"column":4},"end":{"line":118,"column":31}},"48":{"start":{"line":121,"column":2},"end":{"line":125,"column":3}},"49":{"start":{"line":122,"column":4},"end":{"line":122,"column":56}},"50":{"start":{"line":123,"column":4},"end":{"line":123,"column":31}},"51":{"start":{"line":124,"column":4},"end":{"line":124,"column":57}},"52":{"start":{"line":127,"column":2},"end":{"line":127,"column":42}},"53":{"start":{"line":127,"column":24},"end":{"line":127,"column":42}},"54":{"start":{"line":128,"column":2},"end":{"line":128,"column":15}},"55":{"start":{"line":132,"column":0},"end":{"line":133,"column":20}},"56":{"start":{"line":133,"column":2},"end":{"line":133,"column":20}}},"branchMap":{"1":{"line":20,"type":"if","locations":[{"start":{"line":20,"column":2},"end":{"line":20,"column":2}},{"start":{"line":20,"column":2},"end":{"line":20,"column":2}}]},"2":{"line":22,"type":"if","locations":[{"start":{"line":22,"column":2},"end":{"line":22,"column":2}},{"start":{"line":22,"column":2},"end":{"line":22,"column":2}}]},"3":{"line":24,"type":"if","locations":[{"start":{"line":24,"column":2},"end":{"line":24,"column":2}},{"start":{"line":24,"column":2},"end":{"line":24,"column":2}}]},"4":{"line":31,"type":"cond-expr","locations":[{"start":{"line":31,"column":34},"end":{"line":31,"column":50}},{"start":{"line":31,"column":53},"end":{"line":31,"column":64}}]},"5":{"line":33,"type":"if","locations":[{"start":{"line":33,"column":2},"end":{"line":33,"column":2}},{"start":{"line":33,"column":2},"end":{"line":33,"column":2}}]},"6":{"line":36,"type":"cond-expr","locations":[{"start":{"line":36,"column":50},"end":{"line":36,"column":61}},{"start":{"line":36,"column":64},"end":{"line":36,"column":70}}]},"7":{"line":37,"type":"binary-expr","locations":[{"start":{"line":37,"column":18},"end":{"line":37,"column":46}},{"start":{"line":37,"column":50},"end":{"line":37,"column":69}},{"start":{"line":37,"column":73},"end":{"line":37,"column":77}}]},"8":{"line":52,"type":"binary-expr","locations":[{"start":{"line":52,"column":6},"end":{"line":52,"column":24}},{"start":{"line":53,"column":8},"end":{"line":54,"column":52}}]},"9":{"line":53,"type":"cond-expr","locations":[{"start":{"line":53,"column":39},"end":{"line":53,"column":69}},{"start":{"line":54,"column":8},"end":{"line":54,"column":52}}]},"10":{"line":67,"type":"if","locations":[{"start":{"line":67,"column":2},"end":{"line":67,"column":2}},{"start":{"line":67,"column":2},"end":{"line":67,"column":2}}]},"11":{"line":100,"type":"if","locations":[{"start":{"line":100,"column":4},"end":{"line":100,"column":4}},{"start":{"line":100,"column":4},"end":{"line":100,"column":4}}]},"12":{"line":106,"type":"cond-expr","locations":[{"start":{"line":106,"column":51},"end":{"line":106,"column":62}},{"start":{"line":106,"column":65},"end":{"line":106,"column":71}}]},"13":{"line":107,"type":"if","locations":[{"start":{"line":107,"column":2},"end":{"line":107,"column":2}},{"start":{"line":107,"column":2},"end":{"line":107,"column":2}}]},"14":{"line":107,"type":"binary-expr","locations":[{"start":{"line":107,"column":6},"end":{"line":107,"column":38}},{"start":{"line":107,"column":42},"end":{"line":107,"column":46}}]},"15":{"line":110,"type":"binary-expr","locations":[{"start":{"line":110,"column":15},"end":{"line":110,"column":25}},{"start":{"line":111,"column":4},"end":{"line":112,"column":67}}]},"16":{"line":111,"type":"cond-expr","locations":[{"start":{"line":111,"column":20},"end":{"line":111,"column":51}},{"start":{"line":112,"column":4},"end":{"line":112,"column":67}}]},"17":{"line":112,"type":"binary-expr","locations":[{"start":{"line":112,"column":14},"end":{"line":112,"column":25}},{"start":{"line":112,"column":29},"end":{"line":112,"column":42}}]},"18":{"line":114,"type":"if","locations":[{"start":{"line":114,"column":2},"end":{"line":114,"column":2}},{"start":{"line":114,"column":2},"end":{"line":114,"column":2}}]},"19":{"line":114,"type":"binary-expr","locations":[{"start":{"line":114,"column":5},"end":{"line":114,"column":17}},{"start":{"line":114,"column":21},"end":{"line":114,"column":34}}]},"20":{"line":121,"type":"if","locations":[{"start":{"line":121,"column":2},"end":{"line":121,"column":2}},{"start":{"line":121,"column":2},"end":{"line":121,"column":2}}]},"21":{"line":127,"type":"if","locations":[{"start":{"line":127,"column":2},"end":{"line":127,"column":2}},{"start":{"line":127,"column":2},"end":{"line":127,"column":2}}]},"22":{"line":132,"type":"if","locations":[{"start":{"line":132,"column":0},"end":{"line":132,"column":0}},{"start":{"line":132,"column":0},"end":{"line":132,"column":0}}]}},"code":["//#! /usr/bin/env node","","var path     = require('path')","var rc       = require('rc')","var minimist = require('minimist')","var toCC     = require('to-camel-case')","var fs       = require('fs')","var ini      = require('ini')","var osenv    = require('osenv')","","var home     = osenv.home()","var tmp      = osenv.tmpdir()","","function obsfucate (s) {","  return s.replace(/./g, '*')","}","","function dumpConfig (config) {","  var _config = JSON.parse(JSON.stringify(config))","  if (_config.credentials)","    _config.credentials.pass = obsfucate(_config.credentials.pass)","  if (_config._auth)","    _config._auth = obsfucate(_config._auth)","  if (_config.Auth)","    _config.Auth = obsfucate(_config.Auth)","  console.log(JSON.stringify(_config, null, 2))","}","","var config = module.exports = (function () {","  // *** vvv Copied this stuff out of npmconf **********************","  var uidOrPid = process.getuid ? process.getuid() : process.pid","","  if (home) process.env.HOME = home","  else home = path.resolve(tmp, \"npm-\" + uidOrPid)","","  var cacheExtra = process.platform === \"win32\" ? \"npm-cache\" : \".npm\"","  var cacheRoot = process.platform === \"win32\" && process.env.APPDATA || home","  var cache = path.resolve(cacheRoot, cacheExtra)","  // *** ^^^ Copied this stuff out of npmconf **********************","","  // the defaults","  var defaults = {","    dbPath: path.join(home, '.npmd'),","    debug: false,","    sync: false,","    registry: 'https://registry.npmjs.org',","    cache: cache,","    \"user-agent\" : \"node/\" + process.version","                 + ' ' + process.platform","                 + ' ' + process.arch,","    prefix: (","      process.env.PREFIX ||","      ( process.platform === 'win32' ? path.dirname(process.execPath)","      : path.dirname(path.dirname(process.execPath)))","    ),","    port: 5656,","    global: false,","    greedy: false,","    online: true,","    offline: false,","    'save-dev': false,","    saveDev: false,","    save: false,","  }","","  // merge ~/.npmrc on top of the defaults","  if(home) try {","    var c = ini.parse(fs.readFileSync(path.join(home, '.npmrc'), 'utf8'))","    for (var k in c)","      defaults[k] = c[k]","  } catch(e) {}","","  var opts = require('minimist')(process.argv.slice(2),","      {","        boolean: [","          'global', 'greedy', 'online', 'offline', 'save-dev',","          'saveDev', 'save', 'force', 'optional'","        ],","        alias: {","          global: 'g',","          force: 'f',","          'save-dev': 'D',","          'save': 'S',","          'dedupe': 'greedy'","        },","        default: {","          global    : null,","          greedy    : null,","          online    : null,","          offline   : null,","          'save-dev': null,","          saveDev   : null,","          save      : null,","          force     : null,","          optional  : null","        }","      })","","  for(var k in opts)","    if(null === opts[k])","      delete opts[k]","","  // pass default and optimist to rc.","  // note: we must clear the ","  var config = rc('npmd', defaults, opts)","  var homePattern = process.platform === 'win32' ? /^~(\\/|\\\\)/ : /^~\\//","  if (config.prefix.match(homePattern) && home)","    config.prefix = path.resolve(home, config.prefix.substr(2))","","  config.bin = config.bin ||","  ( config.global ? path.join(config.prefix, 'bin')","  : path.join(config.path || process.cwd(), 'node_modules', '.bin'))","","  if(!config.path && config.global)","    config.path = path.join(config.prefix, 'lib')","","  for(var k in config)","    config[toCC(k)] = config[k]","","  //parse credentials","  if (config.Auth) {","    var creds = Buffer(config.Auth, 'base64').toString()","    var segs = creds.split(':')","    config.credentials = { user: segs[0], pass: segs[1] }","  }","","  if(config.showConfig) dumpConfig(config)","  return config","})()","","","if(!module.parent)","  dumpConfig(config)","",""],"l":{"3":1,"4":1,"5":1,"6":1,"7":1,"8":1,"9":1,"11":1,"12":1,"14":1,"15":0,"18":1,"19":0,"20":0,"21":0,"22":0,"23":0,"24":0,"25":0,"26":0,"29":1,"31":1,"33":1,"34":0,"36":1,"37":1,"38":1,"42":1,"67":1,"68":1,"69":1,"70":2,"73":1,"99":1,"100":15,"101":14,"105":1,"106":1,"107":1,"108":0,"110":1,"114":1,"115":0,"117":1,"118":19,"121":1,"122":0,"123":0,"124":0,"127":1,"128":1,"132":1,"133":0}},"/home/travis/build/npmtest/node-npmtest-npmd/node_modules/npmd-config/node_modules/minimist/index.js":{"path":"/home/travis/build/npmtest/node-npmtest-npmd/node_modules/npmd-config/node_modules/minimist/index.js","s":{"1":1,"2":1,"3":0,"4":1,"5":1,"6":0,"7":1,"8":0,"9":1,"10":9,"11":1,"12":1,"13":5,"14":5,"15":5,"16":5,"17":1,"18":0,"19":0,"20":0,"21":1,"22":1,"23":1,"24":9,"25":1,"26":1,"27":0,"28":0,"29":1,"30":0,"31":1,"32":9,"33":0,"34":0,"35":9,"36":9,"37":9,"38":5,"39":1,"40":14,"41":14,"42":0,"43":0,"44":0,"45":14,"46":14,"47":14,"48":0,"49":0,"50":0,"51":1,"52":0,"53":0,"54":1,"55":0,"56":0,"57":0,"58":0,"59":0,"60":0,"61":0,"62":0,"63":0,"64":0,"65":0,"66":0,"67":0,"68":0,"69":0,"70":0,"71":0,"72":0,"73":0,"74":0,"75":0,"76":0,"77":0,"78":0,"79":0,"80":0,"81":0,"82":0,"83":0,"84":0,"85":0,"86":0,"87":0,"88":0,"89":0,"90":0,"91":0,"92":0,"93":0,"94":0,"95":0,"96":0,"97":0,"98":0,"99":0,"100":0,"101":0,"102":0,"103":0,"104":0,"105":0,"106":0,"107":1,"108":9,"109":0,"110":0,"111":0,"112":1,"113":0,"114":0,"115":0,"116":1,"117":0,"118":1,"119":1,"120":9,"121":9,"122":0,"123":9,"124":9,"125":1,"126":9,"127":0,"128":9,"129":0,"130":9},"b":{"1":[0,1],"2":[0,1],"3":[0,1],"4":[1,0],"5":[1,0],"6":[0,0],"7":[1,0],"8":[0,9],"9":[0,1],"10":[0,0,0,0,0],"11":[0,9],"12":[9,0,0],"13":[0,0],"14":[0,9],"15":[9,9],"16":[9,4],"17":[0,0],"18":[14,0],"19":[14,0,0],"20":[0,0],"21":[0,0],"22":[0,0],"23":[0,0],"24":[0,0],"25":[0,0],"26":[0,0,0,0,0],"27":[0,0],"28":[0,0],"29":[0,0],"30":[0,0],"31":[0,0],"32":[0,0],"33":[0,0],"34":[0,0],"35":[0,0],"36":[0,0],"37":[0,0],"38":[0,0],"39":[0,0],"40":[0,0,0,0],"41":[0,0],"42":[0,0],"43":[0,0],"44":[0,0],"45":[0,0],"46":[0,0],"47":[0,0],"48":[0,0],"49":[0,0],"50":[0,9],"51":[0,0],"52":[0,1],"53":[0,0],"54":[0,9],"55":[0,9]},"f":{"1":1,"2":9,"3":5,"4":5,"5":5,"6":0,"7":9,"8":0,"9":9,"10":5,"11":14,"12":0,"13":0,"14":0,"15":9,"16":0,"17":0,"18":0,"19":9,"20":0,"21":9},"fnMap":{"1":{"name":"(anonymous_1)","line":1,"loc":{"start":{"line":1,"column":17},"end":{"line":1,"column":39}}},"2":{"name":"(anonymous_2)","line":13,"loc":{"start":{"line":13,"column":57},"end":{"line":13,"column":72}}},"3":{"name":"(anonymous_3)","line":19,"loc":{"start":{"line":19,"column":42},"end":{"line":19,"column":57}}},"4":{"name":"(anonymous_4)","line":21,"loc":{"start":{"line":21,"column":29},"end":{"line":21,"column":42}}},"5":{"name":"(anonymous_5)","line":22,"loc":{"start":{"line":22,"column":58},"end":{"line":22,"column":71}}},"6":{"name":"(anonymous_6)","line":28,"loc":{"start":{"line":28,"column":51},"end":{"line":28,"column":66}}},"7":{"name":"(anonymous_7)","line":38,"loc":{"start":{"line":38,"column":37},"end":{"line":38,"column":52}}},"8":{"name":"argDefined","line":49,"loc":{"start":{"line":49,"column":4},"end":{"line":49,"column":34}}},"9":{"name":"setArg","line":54,"loc":{"start":{"line":54,"column":4},"end":{"line":54,"column":36}}},"10":{"name":"(anonymous_10)","line":64,"loc":{"start":{"line":64,"column":37},"end":{"line":64,"column":50}}},"11":{"name":"setKey","line":69,"loc":{"start":{"line":69,"column":4},"end":{"line":69,"column":39}}},"12":{"name":"(anonymous_12)","line":71,"loc":{"start":{"line":71,"column":33},"end":{"line":71,"column":48}}},"13":{"name":"aliasIsBoolean","line":88,"loc":{"start":{"line":88,"column":4},"end":{"line":88,"column":33}}},"14":{"name":"(anonymous_14)","line":89,"loc":{"start":{"line":89,"column":31},"end":{"line":89,"column":44}}},"15":{"name":"(anonymous_15)","line":190,"loc":{"start":{"line":190,"column":34},"end":{"line":190,"column":49}}},"16":{"name":"(anonymous_16)","line":194,"loc":{"start":{"line":194,"column":41},"end":{"line":194,"column":54}}},"17":{"name":"(anonymous_17)","line":202,"loc":{"start":{"line":202,"column":25},"end":{"line":202,"column":39}}},"18":{"name":"(anonymous_18)","line":207,"loc":{"start":{"line":207,"column":25},"end":{"line":207,"column":39}}},"19":{"name":"hasKey","line":215,"loc":{"start":{"line":215,"column":0},"end":{"line":215,"column":28}}},"20":{"name":"(anonymous_20)","line":217,"loc":{"start":{"line":217,"column":29},"end":{"line":217,"column":44}}},"21":{"name":"isNumber","line":225,"loc":{"start":{"line":225,"column":0},"end":{"line":225,"column":22}}}},"statementMap":{"1":{"start":{"line":1,"column":0},"end":{"line":213,"column":2}},"2":{"start":{"line":2,"column":4},"end":{"line":2,"column":25}},"3":{"start":{"line":2,"column":15},"end":{"line":2,"column":25}},"4":{"start":{"line":4,"column":4},"end":{"line":4,"column":62}},"5":{"start":{"line":6,"column":4},"end":{"line":8,"column":5}},"6":{"start":{"line":7,"column":8},"end":{"line":7,"column":42}},"7":{"start":{"line":10,"column":4},"end":{"line":16,"column":5}},"8":{"start":{"line":11,"column":6},"end":{"line":11,"column":28}},"9":{"start":{"line":13,"column":6},"end":{"line":15,"column":9}},"10":{"start":{"line":14,"column":10},"end":{"line":14,"column":34}},"11":{"start":{"line":18,"column":4},"end":{"line":18,"column":21}},"12":{"start":{"line":19,"column":4},"end":{"line":26,"column":7}},"13":{"start":{"line":20,"column":8},"end":{"line":20,"column":50}},"14":{"start":{"line":21,"column":8},"end":{"line":25,"column":11}},"15":{"start":{"line":22,"column":12},"end":{"line":24,"column":16}},"16":{"start":{"line":23,"column":16},"end":{"line":23,"column":31}},"17":{"start":{"line":28,"column":4},"end":{"line":33,"column":8}},"18":{"start":{"line":29,"column":8},"end":{"line":29,"column":34}},"19":{"start":{"line":30,"column":8},"end":{"line":32,"column":9}},"20":{"start":{"line":31,"column":12},"end":{"line":31,"column":47}},"21":{"start":{"line":35,"column":4},"end":{"line":35,"column":41}},"22":{"start":{"line":37,"column":4},"end":{"line":37,"column":26}},"23":{"start":{"line":38,"column":4},"end":{"line":40,"column":7}},"24":{"start":{"line":39,"column":8},"end":{"line":39,"column":73}},"25":{"start":{"line":42,"column":4},"end":{"line":42,"co
[...]
[{"start":{"line":41,"column":14},"end":{"line":41,"column":14}},{"start":{"line":41,"column":14},"end":{"line":41,"column":14}}]},"10":{"line":42,"type":"cond-expr","locations":[{"start":{"line":43,"column":18},"end":{"line":43,"column":68}},{"start":{"line":44,"column":18},"end":{"line":44,"column":61}}]}},"code":["var deps = require('get-deps')","var addDeps = require('add-deps')","var build = require('npmd-build')","var bin = require('npmd-bin')","var path = require('path')","","exports.commands = function (db, cache, config) {","","  if(!cache.get) throw new Error('must have cache')","  var install = require('npmd-install')(cache)","","  db.commands.push(function (db, cache, config, cb) {","    var args = config._.slice()","    if('install' !== args.shift()) return","","    var _args = args.slice(), data = ''","    if(!process.stdin.isTTY)","      process.stdin","        .on('data', function (d) { data += d })","        .on('end', function () { doInstall(JSON.parse(data)) })","    else","      db.resolve(args.slice(), config, function (err, tree) {","        if(err) return cb(err)","        doInstall(tree)","      })","","    function doInstall (tree) {","      install(tree, config, function (err, installed) {","        if(err) return cb(err)","","        if(config.save || config.saveDev)","          addDeps(config.path || process.cwd(), installed, config, next)","        else next()","","        function next () {","        ","          build(_args[0], config, function (err) {","","            _args = _args.map(function (e) {","              e = e.split('@').shift()","              if(/^[./]/.test(e)) return e","              return config.global","                ? path.join(config.prefix, 'lib', 'node_modules', e)","                : path.join(process.cwd(), 'node_modules', e)","            })","","            bin.all(_args, config.bin, config, function (err) {","              cb(err, installed)","            })","","          })","","        }","      })","    }","","","    return true","  })","}","",""],"l":{"1":8,"2":8,"3":8,"4":0,"5":0,"7":0,"9":0,"10":0,"12":0,"13":0,"14":0,"16":0,"17":0,"18":0,"19":0,"20":0,"22":0,"23":0,"24":0,"27":1,"28":0,"29":0,"31":0,"32":0,"33":0,"35":1,"37":0,"39":0,"40":0,"41":0,"42":0,"47":0,"48":0,"58":0}},"/home/travis/build/npmtest/node-npmtest-npmd/node_modules/npmd/plugins/add.js":{"path":"/home/travis/build/npmtest/node-npmtest-npmd/node_modules/npmd/plugins/add.js","s":{"1":1,"2":1,"3":0,"4":0,"5":0,"6":0,"7":0,"8":0},"b":{"1":[0,0]},"f":{"1":0,"2":0},"fnMap":{"1":{"name":"(anonymous_1)","line":3,"loc":{"start":{"line":3,"column":14},"end":{"line":3,"column":28}}},"2":{"name":"(anonymous_2)","line":5,"loc":{"start":{"line":5,"column":19},"end":{"line":5,"column":45}}}},"statementMap":{"1":{"start":{"line":1,"column":0},"end":{"line":1,"column":33}},"2":{"start":{"line":3,"column":0},"end":{"line":12,"column":1}},"3":{"start":{"line":5,"column":2},"end":{"line":10,"column":4}},"4":{"start":{"line":6,"column":4},"end":{"line":6,"column":31}},"5":{"start":{"line":7,"column":4},"end":{"line":7,"column":37}},"6":{"start":{"line":7,"column":31},"end":{"line":7,"column":37}},"7":{"start":{"line":8,"column":4},"end":{"line":8,"column":44}},"8":{"start":{"line":9,"column":4},"end":{"line":9,"column":15}}},"branchMap":{"1":{"line":7,"type":"if","locations":[{"start":{"line":7,"column":4},"end":{"line":7,"column":4}},{"start":{"line":7,"column":4},"end":{"line":7,"column":4}}]}},"code":["var addDeps = require('add-deps')","","exports.cli = function (db) {","","  db.commands.push(function (db, config, cb) {","    var args = config._.slice()","    if(args.shift() !== 'add') return","    addDeps(process.cwd(), args, config, cb)","    return true","  })","","}",""],"l":{"1":1,"3":1,"5":0,"6":0,"7":0,"8":0,"9":0}},"/home/travis/build/npmtest/node-npmtest-npmd/node_modules/npmd/plugins/dependents.js":{"path":"/home/travis/build/npmtest/node-npmtest-npmd/node_modules/npmd/plugins/dependents.js","s":{"1":1,"2":0,"3":0,"4":0,"5":0,"6":0,"7":0,"8":0,"9":0,"10":0,"11":0,"12":0,"13":0,"14":0,"15":0,"16":0,"17":0,"18":0,"19":0,"20":0,"21":0,"22":0},"b":{"1":[0,0],"2":[0,0],"3":[0,0],"4":[0,0],"5":[0,0],"6":[0,0],"7":[0,0]},"f":{"1":0,"2":0,"3":0,"4":0},"fnMap":{"1":{"name":"(anonymous_1)","line":1,"loc":{"start":{"line":1,"column":14},"end":{"line":1,"column":28}}},"2":{"name":"(anonymous_2)","line":3,"loc":{"start":{"line":3,"column":21},"end":{"line":3,"column":47}}},"3":{"name":"(anonymous_3)","line":10,"loc":{"start":{"line":10,"column":22},"end":{"line":10,"column":38}}},"4":{"name":"(anonymous_4)","line":16,"loc":{"start":{"line":16,"column":36},"end":{"line":16,"column":58}}}},"statementMap":{"1":{"start":{"line":1,"column":0},"end":{"line":35,"column":2}},"2":{"start":{"line":2,"column":4},"end":{"line":2,"column":17}},"3":{"start":{"line":3,"column":4},"end":{"line":34,"column":7}},"4":{"start":{"line":4,"column":8},"end":{"line":4,"column":36}},"5":{"start":{"line":5,"column":8},"end":{"line":5,"column":49}},"6":{"start":{"line":5,"column":42},"end":{"line":5,"column":49}},"7":{"start":{"line":7,"column":8},"end":{"line":7,"column":31}},"8":{"start":{"line":9,"column":8},"end":{"line":31,"column":25}},"9":{"start":{"line":11,"column":12},"end":{"line":11,"column":33}},"10":{"start":{"line":13,"column":12},"end":{"line":30,"column":13}},"11":{"start":{"line":14,"column":16},"end":{"line":14,"column":31}},"12":{"start":{"line":16,"column":16},"end":{"line":19,"column":19}},"13":{"start":{"line":17,"column":20},"end":{"line":18,"column":36}},"14":{"start":{"line":18,"column":24},"end":{"line":18,"column":36}},"15":{"start":{"line":22,"column":16},"end":{"line":29,"column":21}},"16":{"start":{"line":23,"column":20},"end":{"line":29,"column":21}},"17":{"start":{"line":24,"column":24},"end":{"line":24,"column":65}},"18":{"start":{"line":26,"column":24},"end":{"line":26,"column":49}},"19":{"start":{"line":26,"column":43},"end":{"line":26,"column":49}},"20":{"start":{"line":27,"column":24},"end":{"line":27,"column":45}},"21":{"start":{"line":28,"column":24},"end":{"line":28,"column":46}},"22":{"start":{"line":33,"column":8},"end":{"line":33,"column":20}}},"branchMap":{"1":{"line":5,"type":"if","locations":[{"start":{"line":5,"column":8},"end":{"line":5,"column":8}},{"start":{"line":5,"column":8},"end":{"line":5,"column":8}}]},"2":{"line":13,"type":"if","locations":[{"start":{"line":13,"column":12},"end":{"line":13,"column":12}},{"start":{"line":13,"column":12},"end":{"line":13,"column":12}}]},"3":{"line":13,"type":"binary-expr","locations":[{"start":{"line":13,"column":16},"end":{"line":13,"column":50}},{"start":{"line":13,"column":54},"end":{"line":13,"column":78}}]},"4":{"line":17,"type":"if","locations":[{"start":{"line":17,"column":20},"end":{"line":17,"column":20}},{"start":{"line":17,"column":20},"end":{"line":17,"column":20}}]},"5":{"line":22,"type":"if","locations":[{"start":{"line":22,"column":16},"end":{"line":22,"column":16}},{"start":{"line":22,"column":16},"end":{"line":22,"column":16}}]},"6":{"line":23,"type":"if","locations":[{"start":{"line":23,"column":20},"end":{"line":23,"column":20}},{"start":{"line":23,"column":20},"end":{"line":23,"column":20}}]},"7":{"line":26,"type":"if","locations":[{"start":{"line":26,"column":24},"end":{"line":26,"column":24}},{"start":{"line":26,"column":24},"end":{"line":26,"column":24}}]}},"code":["exports.cli = function (db) {","    var seen = {}","    db.commands.push(function (db, config, cb) {","        var args = config._.slice();","        if (args.shift() != \"dependents\") return;","","        var modulenames = args;","","        db.sublevel('ver').createReadStream({","        }).on('data', function (data) {","            var pkg = data.value;","","            if (pkg.hasOwnProperty(\"dependencies\") && pkg.dependencies != null) {","                var all = true;","","                modulenames.forEach(function (modulename) {","                    if (!pkg.dependencies.hasOwnProperty(modulename))","                        all = false;","                });","","                // TODO: pipe this off into some stream other than process.stdout","                if (all === true)","                    if (config.verbose)","                        console.log(pkg.name + \"@\" + pkg.version)","                    else {","                        if(seen[pkg.name]) return","                        seen[pkg.name] = true","                        console.log(pkg.name);","                    }","            }","        }).on('end', cb);","","        return true;","    });","};",""],"l":{"1":1,"2":0,"3":0,"4":0,"5":0,"7":0,"9":0,"11":0,"13":0,"14":0,"16":0,"17":0,"18":0,"22":0,"23":0,"24":0,"26":0,"27":0,"28":0,"33":0}},"/home/travis/build/npmtest/node-npmtest-npmd/node_modules/npmd/plugins/help.js":{"path":"/home/travis/build/npmtest/node-npmtest-npmd/node_modules/npmd/plugins/help.js","s":{"1":1,"2":1,"3":0,"4":0,"5":0,"6":0,"7":0,"8":0,"9":0,"10":0,"11":0,"12":0,"13":0},"b":{"1":[0,0],"2":[0,0],"3":[0,0]},"f":{"1":0,"2":0,"3":0,"4":0,"5":0,"6":0},"fnMap":{"1":{"name":"(anonymous_1)","line":3,"loc":{"start":{"line":3,"column":14},"end":{"line":3,"column":36}}},"2":{"name":"(anonymous_2)","line":5,"loc":{"start":{"line":5,"column":19},"end":{"line":5,"column":52}}},"3":{"name":"(anonymous_3)","line":10,"loc":{"start":{"line":10,"column":17},"end":{"line":10,"column":29}}},"4":{"name":"(anonymous_4)","line":11,"loc":{"start":{"line":11,"column":42},"end":{"line":11,"column":63}}},"5":{"name":"(anonymous_5)","line":14,"loc":{"start":{"line":14,"column":15},"end":{"line":14,"column":28}}},"6":{"name":"(anonymous_6)","line":15,"loc":{"start":{"line":15,"column":18},"end":{"line":15,"column":31}}}},"statementMap":{"1":{"start":{"line":1,"column":0},"end":{"line":1,"column":22}},"2":{"start":{"line":3,"column":0},"end":{"line":27,"column":1}},"3":{"start":{"line":5,"column":2},"end":{"line":26,"column":4}},"4":{"start":{"line":6,"column":4},"end":{"line":6,"column":37}},"5":{"start":{"line":6,"column":31},"end":{"line":6,"column":37}},"6":{"start":{"line":8,"column":4},"end":{"line":23,"column":25}},"7":{"start":{"line":11,"column":6},"end":{"line":19,"column":8}},"8":{"start":{"line":12,"column":8},"end":{"line":17,"column":9}},"9":{"start":{"line":14,"column":30},"end":{"line":14,"column":59}},"10":{"start":{"line":15,"column":33},"end":{"line":15,"column":52}},"11":{"start":{"line":18,"column":8},"end":{"line":18,"column":12}},"12":{"start":{"line":20,"column":6},"end":{"line":20,"column":84}},"13":{"start":{"line":25,"column":4},"end":{"line":25,"column":15}}},"branchMap":{"1":{"line":6,"type":"if","locations":[{"start":{"line":6,"column":4},"end":{"line":6,"column":4}},{"start":{"line":6,"column":4},"end":{"line":6,"column":4}}]},"2":{"line":8,"type":"binary-expr","locations":[{"start":{"line":8,"column":51},"end":{"line":8,"column":62}},{"start":{"line":8,"column":66},"end":{"line":8,"column":72}}]},"3":{"line":20,"type":"binary-expr","locations":[{"start":{"line":20,"column":53},"end":{"line":20,"column":64}},{"start":{"line":20,"column":68},"end":{"line":20,"column":74}}]}},"code":["var fs = require('fs')","","exports.cli = function (db, config) {","","  db.commands.push(function (db, cache, config, cb) {","    if(config._[0] !== 'help') return","","    fs.createReadStream(__dirname + '/../docs/' + (config._[1] || 'help') + '.md')","    .on('end', cb)","    .on('error', function () {","      fs.readdir(__dirname + '/../docs/', function (err, list) {","        console.log('npmd help \\n  ' + ","          list","          .map(function (e) { return e.replace(/.md$/, '') })","          .filter(function (e) { return e!== 'help' })","          .sort().join(', ')","        )","        cb()","      })","      fs.createReadStream(__dirname + '/../docs/' + (config._[1] || 'help') + '.md')","","    })","    .pipe(process.stdout)","    ","    return true","  })","}",""],"l":{"1":1,"3":1,"5":0,"6":0,"8":0,"11":0,"12":0,"14":0,"15":0,"18":0,"20":0,"25":0}},"/home/travis/build/npmtest/node-npmtest-npmd/node_modules/npmd/plugins/packages.js":{"path":"/home/travis/build/npmtest/node-npmtest-npmd/node_modules/npmd/plugins/packages.js","s":{"1":1,"2":0,"3":0,"4":0,"5":0,"6":0,"7":0,"8":0,"9":0,"10":0,"11":0,"12":0},"b":{"1":[0,0],"2":[0,0],"3":[0,0]},"f":{"1":0,"2":0,"3":0},"fnMap":{"1":{"name":"(anonymous_1)","line":2,"loc":{"start":{"line":2,"column":14},"end":{"line":2,"column":36}}},"2":{"name":"(anonymous_2)","line":3,"loc":{"start":{"line":3,"column":19},"end":{"line":3,"column":45}}},"3":{"name":"(anonymous_3)","line":10,"loc":{"start":{"line":10,"column":18},"end":{"line":10,"column":34}}}},"statementMap":{"1":{"start":{"line":2,"column":0},"end":{"line":20,"column":1}},"2":{"start":{"line":3,"column":2},"end":{"line":19,"column":4}},"3":{"start":{"line":4,"column":4},"end":{"line":4,"column":31}},"4":{"start":{"line":5,"column":4},"end":{"line":5,"column":41}},"5":{"start":{"line":5,"column":35},"end":{"line":5,"column":41}},"6":{"start":{"line":6,"column":4},"end":{"line":6,"column":35}},"7":{"start":{"line":7,"column":4},"end":{"line":17,"column":18}},"8":{"start":{"line":11,"column":6},"end":{"line":11,"column":20}},"9":{"start":{"line":12,"column":6},"end":{"line":15,"column":29}},"10":{"start":{"line":13,"column":8},"end":{"line":13,"column":49}},"11":{"start":{"line":15,"column":8},"end":{"line":15,"column":29}},"12":{"start":{"line":18,"column":4},"end":{"line":18,"column":15}}},"branchMap":{"1":{"line":5,"type":"if","locations":[{"start":{"line":5,"column":4},"end":{"line":5,"column":4}},{"start":{"line":5,"column":4},"end":{"line":5,"column":4}}]},"2":{"line":6,"type":"binary-expr","locations":[{"start":{"line":6,"column":17},"end":{"line":6,"column":29}},{"start":{"line":6,"column":33},"end":{"line":6,"column":35}}]},"3":{"line":12,"type":"if","locations":[{"start":{"line":12,"column":6},"end":{"line":12,"column":6}},{"start":{"line":12,"column":6},"end":{"line":12,"column":6}}]}},"code":["","exports.cli = function (db, config) {","  db.commands.push(function (db, config, cb) {","    var args = config._.slice()","    if(args.shift() != 'packages') return","    var module = args.shift() || ''","    db.sublevel('pkg').createReadStream({","      min: module , max: module + '~',","      keys: false","    }).on('data', function (data) {","      var pkg = data","      if(config.long)","        console.log(JSON.stringify(pkg, null, 2))","      else","        console.log(pkg.name)","    })","    .on('end', cb)","    return true","  })","}",""],"l":{"2":1,"3":0,"4":0,"5":0,"6":0,"7":0,"11":0,"12":0,"13":0,"15":0,"18":0}},"/home/travis/build/npmtest/node-npmtest-npmd/node_modules/npmd/plugins/readme.js":{"path":"/home/travis/build/npmtest/node-npmtest-npmd/node_modules/npmd/plugins/readme.js","s":{"1":1,"2":0,"3":0,"4":0,"5":0,"6":0,"7":0,"8":0,"9":0,"10":0,"11":0,"12":0,"13":0,"14":0},"b":{"1":[0,0],"2":[0,0],"3":[0,0],"4":[0,0]},"f":{"1":0,"2":0,"3":0},"fnMap":{"1":{"name":"(anonymous_1)","line":1,"loc":{"start":{"line":1,"column":14},"end":{"line":1,"column":36}}},"2":{"name":"(anonymous_2)","line":2,"loc":{"start":{"line":2,"column":19},"end":{"line":2,"column":45}}},"3":{"name":"(anonymous_3)","line":6,"loc":{"start":{"line":6,"column":35},"end":{"line":6,"column":56}}}},"statementMap":{"1":{"start":{"line":1,"column":0},"end":{"line":18,"column":1}},"2":{"start":{"line":2,"column":2},"end":{"line":17,"column":4}},"3":{"start":{"line":3,"column":4},"end":{"line":3,"column":31}},"4":{"start":{"line":4,"column":4},"end":{"line":4,"column":39}},"5":{"start":{"line":4,"column":33},"end":{"line":4,"column":39}},"6":{"start":{"line":5,"column":4},"end":{"line":5,"column":29}},"7":{"start":{"line":6,"column":4},"end":{"line":15,"column":6}},"8":{"start":{"line":8,"column":6},"end":{"line":8,"column":28}},"9":{"start":{"line":8,"column":14},"end":{"line":8,"column":28}},"10":{"start":{"line":9,"column":6},"end":{"line":12,"column":32}},"11":{"start":{"line":10,"column":8},"end":{"line":10,"column":52}},"12":{"start":{"line":12,"column":8},"end":{"line":12,"column":32}},"13":{"start":{"line":14,"column":6},"end":{"line":14,"column":35}},"14":{"start":{"line":16,"column":4},"end":{"line":16,"column":15}}},"branchMap":{"1":{"line":4,"type":"if","locations":[{"start":{"line":4,"column":4},"end":{"line":4,"column":4}},{"start":{"line":4,"column":4},"end":{"line":4,"column":4}}]},"2":{"line":8,"type":"if","locations":[{"start":{"line":8,"column":6},"end":{"line":8,"column":6}},{"start":{"line":8,"column":6},"end":{"line":8,"column":6}}]},"3":{"line":9,"type":"if","locations":[{"start":{"line":9,"column":6},"end":{"line":9,"column":6}},{"start":{"line":9,"column":6},"end":{"line":9,"column":6}}]},"4":{"line":14,"type":"binary-expr","locations":[{"start":{"line":14,"column":15},"end":{"line":14,"column":26}},{"start":{"line":14,"column":30},"end":{"line":14,"column":34}}]}},"code":["exports.cli = function (db, config) {","  db.commands.push(function (db, config, cb) {","    var args = config._.slice()","    if(args.shift() != 'readme') return","    var module = args.shift()","    db.sublevel('pkg').get(module, function (err, data) {","      // console.log(arguments)","      if(err) return cb(err)","      if(!data.readme)","        console.log('sorry, readme file not found.')","      else","        console.log(data.readme)","","      cb(null, data.readme || data)","    })","    return true","  })","}",""],"l":{"1":1,"2":0,"3":0,"4":0,"5":0,"6":0,"8":0,"9":0,"10":0,"12":0,"14":0,"16":0}},"/home/travis/build/npmtest/node-npmtest-npmd/node_modules/npmd/plugins/versions.js":{"path":"/home/travis/build/npmtest/node-npmtest-npmd/node_modules/npmd/plugins/versions.js","s":{"1":1,"2":0,"3":0,"4":0,"5":0,"6":0,"7":0,"8":0,"9":0,"10":0,"11":0,"12":0},"b":{"1":[0,0],"2":[0,0]},"f":{"1":0,"2":0,"3":0},"fnMap":{"1":{"name":"(anonymous_1)","line":3,"loc":{"start":{"line":3,"column":14},"end":{"line":3,"column":36}}},"2":{"name":"(anonymous_2)","line":4,"loc":{"start":{"line":4,"column":19},"end":{"line":4,"column":45}}},"3":{"name":"(anonymous_3)","line":10,"loc":{"start":{"line":10,"column":18},"end":{"line":10,"column":34}}}},"statementMap":{"1":{"start":{"line":3,"column":0},"end":{"line":20,"column":1}},"2":{"start":{"line":4,"column":2},"end":{"line":19,"column":4}},"3":{"start":{"line":5,"column":4},"end":{"line":5,"column":31}},"4":{"start":{"line":6,"column":4},"end":{"line":6,"column":41}},"5":{"start":{"line":6,"column":35},"end":{"line":6,"column":41}},"6":{"start":{"line":7,"column":4},"end":{"line":7,"column":29}},"7":{"start":{"line":8,"column":4},"end":{"line":17,"column":18}},"8":{"start":{"line":11,"column":6},"end":{"line":11,"column":26}},"9":{"start":{"line":12,"column":6},"end":{"line":15,"column":49}},"10":{"start":{"line":13,"column":8},"end":{"line":13,"column":24}},"11":{"start":{"line":15,"column":8},"end":{"line":15,"column":49}},"12":{"start":{"line":18,"column":4},"end":{"line":18,"column":15}}},"branchMap":{"1":{"line":6,"type":"if","locations":[{"start":{"line":6,"column":4},"end":{"line":6,"column":4}},{"start":{"line":6,"column":4},"end":{"line":6,"column":4}}]},"2":{"line":12,"type":"if","locations":[{"start":{"line":12,"column":6},"end":{"line":12,"column":6}},{"start":{"line":12,"column":6},"end":{"line":12,"column":6}}]}},"code":["","","exports.cli = function (db, config) {","  db.commands.push(function (db, config, cb) {","    var args = config._.slice()","    if(args.shift() != 'versions') return","    var module = args.shift()","    db.sublevel('ver').createReadStream({","      min: module + '!', max: module + '!~'","    }).on('data', function (data) {","      var pkg = data.value","      if(config.long)","        console.log(pkg)","      else","        console.log(pkg.name + '@' + pkg.version)","    })","    .on('end', cb)","    return true","  })","}",""],"l":{"3":1,"4":0,"5":0,"6":0,"7":0,"8":0,"11":0,"12":0,"13":0,"15":0,"18":0}}}